#
# There is insufficient memory for the Java Runtime Environment to continue.
# Native memory allocation (mmap) failed to map 574619648 bytes for G1 virtual space
# Possible reasons:
#   The system is out of physical RAM or swap space
#   The process is running with CompressedOops enabled, and the Java Heap may be blocking the growth of the native heap
# Possible solutions:
#   Reduce memory load on the system
#   Increase physical memory or swap space
#   Check if swap backing store is full
#   Decrease Java heap size (-Xmx/-Xms)
#   Decrease number of Java threads
#   Decrease Java thread stack sizes (-Xss)
#   Set larger code cache with -XX:ReservedCodeCacheSize=
#   JVM is running with Unscaled Compressed Oops mode in which the Java heap is
#     placed in the first 4GB address space. The Java Heap base address is the
#     maximum limit for the native heap growth. Please use -XX:HeapBaseMinAddress
#     to set the Java Heap base and to place the Java Heap above 4GB virtual address.
# This output file may be truncated or incomplete.
#
#  Out of Memory Error (os_windows.cpp:3769), pid=10760, tid=14960
#
# JRE version: OpenJDK Runtime Environment (17.0.6) (build 17.0.6+0-b2043.56-10027231)
# Java VM: OpenJDK 64-Bit Server VM (17.0.6+0-b2043.56-10027231, mixed mode, tiered, compressed oops, compressed class ptrs, g1 gc, windows-amd64)
# No core dump will be written. Minidumps are not enabled by default on client versions of Windows
#

---------------  S U M M A R Y ------------

Command Line: --add-opens=java.base/java.util=ALL-UNNAMED --add-opens=java.base/java.lang=ALL-UNNAMED --add-opens=java.base/java.lang.invoke=ALL-UNNAMED --add-opens=java.prefs/java.util.prefs=ALL-UNNAMED --add-opens=java.base/java.nio.charset=ALL-UNNAMED --add-opens=java.base/java.net=ALL-UNNAMED --add-opens=java.base/java.util.concurrent.atomic=ALL-UNNAMED -Xmx2048m -Dfile.encoding=UTF-8 -Duser.country=ES -Duser.language=es -Duser.variant org.gradle.launcher.daemon.bootstrap.GradleDaemon 8.0

Host: Intel(R) Core(TM) i5-9400F CPU @ 2.90GHz, 6 cores, 7G,  Windows 11 , 64 bit Build 22621 (10.0.22621.2215)
Time: Fri Sep 22 11:06:20 2023 Hora est. Pacífico, Sudamérica elapsed time: 1709.511471 seconds (0d 0h 28m 29s)

---------------  T H R E A D  ---------------

Current thread (0x000001e24cfd3870):  VMThread "VM Thread" [stack: 0x00000072d5700000,0x00000072d5800000] [id=14960]

Stack: [0x00000072d5700000,0x00000072d5800000]
Native frames: (J=compiled Java code, j=interpreted, Vv=VM code, C=native code)
V  [jvm.dll+0x683c9a]
V  [jvm.dll+0x8427a4]
V  [jvm.dll+0x843f9e]
V  [jvm.dll+0x844603]
V  [jvm.dll+0x249b75]
V  [jvm.dll+0x680b69]
V  [jvm.dll+0x67505a]
V  [jvm.dll+0x309acb]
V  [jvm.dll+0x310f86]
V  [jvm.dll+0x3608ee]
V  [jvm.dll+0x360b1f]
V  [jvm.dll+0x2dfbf8]
V  [jvm.dll+0x2ddec4]
V  [jvm.dll+0x2dd4cc]
V  [jvm.dll+0x322261]
V  [jvm.dll+0x848ccb]
V  [jvm.dll+0x849a04]
V  [jvm.dll+0x849f1d]
V  [jvm.dll+0x84a2f4]
V  [jvm.dll+0x84a3c0]
V  [jvm.dll+0x7f274a]
V  [jvm.dll+0x682ad5]
C  [ucrtbase.dll+0x29363]
C  [KERNEL32.DLL+0x1257d]
C  [ntdll.dll+0x5aa68]

VM_Operation (0x00000072dd1f7c40): G1TryInitiateConcMark, mode: safepoint, requested by thread 0x000001e25138d590


---------------  P R O C E S S  ---------------

Threads class SMR info:
_java_thread_list=0x000001e2512fd0f0, length=125, elements={
0x000001e2335c9640, 0x000001e24cff6260, 0x000001e24cff70d0, 0x000001e24d821400,
0x000001e24d821ec0, 0x000001e24d8250a0, 0x000001e24d827e90, 0x000001e24d82bd80,
0x000001e24d834350, 0x000001e24d839d70, 0x000001e24d9b12e0, 0x000001e24d9b47e0,
0x000001e2508f1c70, 0x000001e24f03a510, 0x000001e2501fc7b0, 0x000001e24f475200,
0x000001e24f473ec0, 0x000001e24f474390, 0x000001e24f471d10, 0x000001e24f474860,
0x000001e24f4726b0, 0x000001e25138d0c0, 0x000001e25138a0a0, 0x000001e251389230,
0x000001e251387ef0, 0x000001e25138da60, 0x000001e25138af10, 0x000001e253b48d60,
0x000001e253b453a0, 0x000001e253b483c0, 0x000001e2567ddfc0, 0x000001e251387a20,
0x000001e250c5e1d0, 0x000001e258d75410, 0x000001e25138e8d0, 0x000001e251401ab0,
0x000001e250c5ce90, 0x000001e250c5c4f0, 0x000001e250c5dd00, 0x000001e24e30c7b0,
0x000001e255f764b0, 0x000001e255f75170, 0x000001e255f74ca0, 0x000001e255f75640,
0x000001e255f76e50, 0x000001e250c5c9c0, 0x000001e250c5d360, 0x000001e250c5eb70,
0x000001e250b71b30, 0x000001e250c5c020, 0x000001e250c5d830, 0x000001e250c5e6a0,
0x000001e250c5f040, 0x000001e250c5f510, 0x000001e250c5bb50, 0x000001e2567de490,
0x000001e2567ddaf0, 0x000001e2509e1d20, 0x000001e2509e1850, 0x000001e2509e21f0,
0x000001e2509e26c0, 0x000001e2509e0040, 0x000001e2509e2b90, 0x000001e2509e09e0,
0x000001e2509e3060, 0x000001e2509e3a00, 0x000001e2509e3530, 0x000001e2509e0eb0,
0x000001e2509e1380, 0x000001e2509e0510, 0x000001e24e704d20, 0x000001e24e7039e0,
0x000001e24e703eb0, 0x000001e24e704380, 0x000001e24e703510, 0x000001e24e704850,
0x000001e24e701d00, 0x000001e24e7021d0, 0x000001e24e7026a0, 0x000001e24e701360,
0x000001e24e701830, 0x000001e24e702b70, 0x000001e24e703040, 0x000001e24f466a10,
0x000001e24f464d30, 0x000001e24f463050, 0x000001e24f466540, 0x000001e24f4656d0,
0x000001e24f465ba0, 0x000001e24f466070, 0x000001e24f465200, 0x000001e24f464860,
0x000001e24f463520, 0x000001e24f4639f0, 0x000001e24f463ec0, 0x000001e24f464390,
0x000001e250e6d940, 0x000001e250e70960, 0x000001e250e70490, 0x000001e250e6de10,
0x000001e250e6ffc0, 0x000001e250e6e7b0, 0x000001e250e6e2e0, 0x000001e250e70e30,
0x000001e250e6ec80, 0x000001e250e6f620, 0x000001e250e6f150, 0x000001e250e6faf0,
0x000001e250e6d470, 0x000001e24f207680, 0x000001e24f206ce0, 0x000001e24f209360,
0x000001e25690bb80, 0x000001e25138a570, 0x000001e251387080, 0x000001e251388890,
0x000001e25138cbf0, 0x000001e25138d590, 0x000001e25690ad10, 0x000001e24f2071b0,
0x000001e24f207b50, 0x000001e24f208020, 0x000001e24f2084f0, 0x000001e24f2089c0,
0x000001e24f209d00
}

Java Threads: ( => current thread )
  0x000001e2335c9640 JavaThread "main" [_thread_blocked, id=11860, stack(0x00000072d5100000,0x00000072d5200000)]
  0x000001e24cff6260 JavaThread "Reference Handler" daemon [_thread_blocked, id=16204, stack(0x00000072d5800000,0x00000072d5900000)]
  0x000001e24cff70d0 JavaThread "Finalizer" daemon [_thread_blocked, id=14320, stack(0x00000072d5900000,0x00000072d5a00000)]
  0x000001e24d821400 JavaThread "Signal Dispatcher" daemon [_thread_blocked, id=14020, stack(0x00000072d5a00000,0x00000072d5b00000)]
  0x000001e24d821ec0 JavaThread "Attach Listener" daemon [_thread_blocked, id=12324, stack(0x00000072d5b00000,0x00000072d5c00000)]
  0x000001e24d8250a0 JavaThread "Service Thread" daemon [_thread_blocked, id=5760, stack(0x00000072d5c00000,0x00000072d5d00000)]
  0x000001e24d827e90 JavaThread "Monitor Deflation Thread" daemon [_thread_blocked, id=12484, stack(0x00000072d5d00000,0x00000072d5e00000)]
  0x000001e24d82bd80 JavaThread "C2 CompilerThread0" daemon [_thread_blocked, id=15420, stack(0x00000072d5e00000,0x00000072d5f00000)]
  0x000001e24d834350 JavaThread "C1 CompilerThread0" daemon [_thread_blocked, id=9220, stack(0x00000072d5f00000,0x00000072d6000000)]
  0x000001e24d839d70 JavaThread "Sweeper thread" daemon [_thread_blocked, id=6988, stack(0x00000072d6000000,0x00000072d6100000)]
  0x000001e24d9b12e0 JavaThread "Common-Cleaner" daemon [_thread_blocked, id=16340, stack(0x00000072d6100000,0x00000072d6200000)]
  0x000001e24d9b47e0 JavaThread "Notification Thread" daemon [_thread_blocked, id=10576, stack(0x00000072d6200000,0x00000072d6300000)]
  0x000001e2508f1c70 JavaThread "Daemon health stats" [_thread_blocked, id=15952, stack(0x00000072d6900000,0x00000072d6a00000)]
  0x000001e24f03a510 JavaThread "Incoming local TCP Connector on port 50321" [_thread_in_native, id=3504, stack(0x00000072d6a00000,0x00000072d6b00000)]
  0x000001e2501fc7b0 JavaThread "Daemon periodic checks" [_thread_blocked, id=11120, stack(0x00000072d6b00000,0x00000072d6c00000)]
  0x000001e24f475200 JavaThread "Cache worker for journal cache (C:\Users\USER CORE I5 NOVENA\.gradle\caches\journal-1)" [_thread_blocked, id=13136, stack(0x00000072d7500000,0x00000072d7600000)]
  0x000001e24f473ec0 JavaThread "File lock request listener" [_thread_in_native, id=3856, stack(0x00000072d7600000,0x00000072d7700000)]
  0x000001e24f474390 JavaThread "Cache worker for file hash cache (C:\Users\USER CORE I5 NOVENA\.gradle\caches\8.0\fileHashes)" [_thread_blocked, id=6996, stack(0x00000072d7700000,0x00000072d7800000)]
  0x000001e24f471d10 JavaThread "File watcher server" daemon [_thread_blocked, id=11824, stack(0x00000072d7800000,0x00000072d7900000)]
  0x000001e24f474860 JavaThread "File watcher consumer" daemon [_thread_blocked, id=15404, stack(0x00000072d7900000,0x00000072d7a00000)]
  0x000001e24f4726b0 JavaThread "Cache worker for file content cache (C:\Users\USER CORE I5 NOVENA\.gradle\caches\8.0\fileContent)" [_thread_blocked, id=11816, stack(0x00000072d7c00000,0x00000072d7d00000)]
  0x000001e25138d0c0 JavaThread "Cache worker for execution history cache (C:\Users\USER CORE I5 NOVENA\.gradle\caches\8.0\executionHistory)" [_thread_blocked, id=14464, stack(0x00000072d7f00000,0x00000072d8000000)]
  0x000001e25138a0a0 JavaThread "jar transforms" [_thread_blocked, id=6212, stack(0x00000072d8000000,0x00000072d8100000)]
  0x000001e251389230 JavaThread "jar transforms Thread 2" [_thread_blocked, id=5700, stack(0x00000072d8100000,0x00000072d8200000)]
  0x000001e251387ef0 JavaThread "jar transforms Thread 3" [_thread_blocked, id=10168, stack(0x00000072d8200000,0x00000072d8300000)]
  0x000001e25138da60 JavaThread "jar transforms Thread 4" [_thread_blocked, id=15196, stack(0x00000072d8300000,0x00000072d8400000)]
  0x000001e25138af10 JavaThread "jar transforms Thread 5" [_thread_blocked, id=3896, stack(0x00000072d8500000,0x00000072d8600000)]
  0x000001e253b48d60 JavaThread "jar transforms Thread 6" [_thread_blocked, id=2280, stack(0x00000072dc300000,0x00000072dc400000)]
  0x000001e253b453a0 JavaThread "Memory manager" [_thread_blocked, id=3076, stack(0x00000072dc500000,0x00000072dc600000)]
  0x000001e253b483c0 JavaThread "pool-3-thread-1" [_thread_blocked, id=15852, stack(0x00000072dc600000,0x00000072dc700000)]
  0x000001e2567ddfc0 JavaThread "Cache worker for Java compile cache (C:\Users\USER CORE I5 NOVENA\.gradle\caches\8.0\javaCompile)" [_thread_blocked, id=3584, stack(0x00000072dd000000,0x00000072dd100000)]
  0x000001e251387a20 JavaThread "pool-7-thread-1" [_thread_blocked, id=9092, stack(0x00000072dc200000,0x00000072dc300000)]
  0x000001e250c5e1d0 JavaThread "pool-11-thread-1" [_thread_blocked, id=12452, stack(0x00000072dc100000,0x00000072dc200000)]
  0x000001e258d75410 JavaThread "pool-15-thread-1" [_thread_blocked, id=644, stack(0x00000072dc400000,0x00000072dc500000)]
  0x000001e25138e8d0 JavaThread "pool-19-thread-1" [_thread_blocked, id=16088, stack(0x00000072dc700000,0x00000072dc800000)]
  0x000001e251401ab0 JavaThread "Daemon Thread 6" [_thread_blocked, id=2056, stack(0x00000072d4e00000,0x00000072d4f00000)]
  0x000001e250c5ce90 JavaThread "Handler for socket connection from /127.0.0.1:50321 to /127.0.0.1:50550" [_thread_in_native, id=11168, stack(0x00000072d4f00000,0x00000072d5000000)]
  0x000001e250c5c4f0 JavaThread "Cancel handler" [_thread_blocked, id=3384, stack(0x00000072d5000000,0x00000072d5100000)]
  0x000001e250c5dd00 JavaThread "Daemon worker Thread 6" [_thread_blocked, id=4332, stack(0x00000072d6400000,0x00000072d6500000)]
  0x000001e24e30c7b0 JavaThread "Asynchronous log dispatcher for DefaultDaemonConnection: socket connection from /127.0.0.1:50321 to /127.0.0.1:50550" [_thread_blocked, id=12376, stack(0x00000072d6c00000,0x00000072d6d00000)]
  0x000001e255f764b0 JavaThread "Stdin handler" [_thread_blocked, id=8980, stack(0x00000072d6d00000,0x00000072d6e00000)]
  0x000001e255f75170 JavaThread "Daemon client event forwarder" [_thread_blocked, id=4912, stack(0x00000072d6e00000,0x00000072d6f00000)]
  0x000001e255f74ca0 JavaThread "Cache worker for checksums cache (C:\Users\USER CORE I5 NOVENA\AndroidStudioProjects\AppVeterinaria\.gradle\8.0\checksums)" [_thread_blocked, id=12764, stack(0x00000072d6f00000,0x00000072d7000000)]
  0x000001e255f75640 JavaThread "Cache worker for cache directory md-rule (C:\Users\USER CORE I5 NOVENA\.gradle\caches\8.0\md-rule)" [_thread_blocked, id=3064, stack(0x00000072d7000000,0x00000072d7100000)]
  0x000001e255f76e50 JavaThread "Cache worker for file hash cache (C:\Users\USER CORE I5 NOVENA\AndroidStudioProjects\AppVeterinaria\.gradle\8.0\fileHashes)" [_thread_blocked, id=8936, stack(0x00000072d7100000,0x00000072d7200000)]
  0x000001e250c5c9c0 JavaThread "Cache worker for cache directory md-supplier (C:\Users\USER CORE I5 NOVENA\.gradle\caches\8.0\md-supplier)" [_thread_blocked, id=9272, stack(0x00000072d7200000,0x00000072d7300000)]
  0x000001e250c5d360 JavaThread "Cache worker for dependencies-accessors (C:\Users\USER CORE I5 NOVENA\AndroidStudioProjects\AppVeterinaria\.gradle\8.0\dependencies-accessors)" [_thread_blocked, id=3484, stack(0x00000072d7a00000,0x00000072d7b00000)]
  0x000001e250c5eb70 JavaThread "Cache worker for Build Output Cleanup Cache (C:\Users\USER CORE I5 NOVENA\AndroidStudioProjects\AppVeterinaria\.gradle\buildOutputCleanup)" [_thread_blocked, id=2944, stack(0x00000072d7b00000,0x00000072d7c00000)]
  0x000001e250b71b30 JavaThread "C2 CompilerThread1" daemon [_thread_blocked, id=14776, stack(0x00000072d7d00000,0x00000072d7e00000)]
  0x000001e250c5c020 JavaThread "Unconstrained build operations" [_thread_blocked, id=14972, stack(0x00000072d7e00000,0x00000072d7f00000)]
  0x000001e250c5d830 JavaThread "Unconstrained build operations Thread 2" [_thread_blocked, id=14684, stack(0x00000072d8400000,0x00000072d8500000)]
  0x000001e250c5e6a0 JavaThread "Unconstrained build operations Thread 3" [_thread_blocked, id=16244, stack(0x00000072d8600000,0x00000072d8700000)]
  0x000001e250c5f040 JavaThread "Unconstrained build operations Thread 4" [_thread_blocked, id=5648, stack(0x00000072d8700000,0x00000072d8800000)]
  0x000001e250c5f510 JavaThread "Unconstrained build operations Thread 5" [_thread_blocked, id=15168, stack(0x00000072d8800000,0x00000072d8900000)]
  0x000001e250c5bb50 JavaThread "Unconstrained build operations Thread 6" [_thread_blocked, id=10268, stack(0x00000072d8900000,0x00000072d8a00000)]
  0x000001e2567de490 JavaThread "Unconstrained build operations Thread 7" [_thread_blocked, id=11040, stack(0x00000072d8a00000,0x00000072d8b00000)]
  0x000001e2567ddaf0 JavaThread "Unconstrained build operations Thread 8" [_thread_blocked, id=10336, stack(0x00000072d8b00000,0x00000072d8c00000)]
  0x000001e2509e1d20 JavaThread "Unconstrained build operations Thread 9" [_thread_blocked, id=16240, stack(0x00000072d8c00000,0x00000072d8d00000)]
  0x000001e2509e1850 JavaThread "Unconstrained build operations Thread 10" [_thread_blocked, id=10224, stack(0x00000072d8d00000,0x00000072d8e00000)]
  0x000001e2509e21f0 JavaThread "Unconstrained build operations Thread 11" [_thread_blocked, id=8940, stack(0x00000072d8e00000,0x00000072d8f00000)]
  0x000001e2509e26c0 JavaThread "Unconstrained build operations Thread 12" [_thread_blocked, id=12060, stack(0x00000072d8f00000,0x00000072d9000000)]
  0x000001e2509e0040 JavaThread "Unconstrained build operations Thread 13" [_thread_blocked, id=7028, stack(0x00000072d9000000,0x00000072d9100000)]
  0x000001e2509e2b90 JavaThread "Unconstrained build operations Thread 14" [_thread_blocked, id=6548, stack(0x00000072d9100000,0x00000072d9200000)]
  0x000001e2509e09e0 JavaThread "Unconstrained build operations Thread 15" [_thread_blocked, id=6540, stack(0x00000072d9200000,0x00000072d9300000)]
  0x000001e2509e3060 JavaThread "Unconstrained build operations Thread 16" [_thread_blocked, id=5232, stack(0x00000072d9300000,0x00000072d9400000)]
  0x000001e2509e3a00 JavaThread "Unconstrained build operations Thread 17" [_thread_blocked, id=5484, stack(0x00000072d9400000,0x00000072d9500000)]
  0x000001e2509e3530 JavaThread "Unconstrained build operations Thread 18" [_thread_blocked, id=6868, stack(0x00000072d9500000,0x00000072d9600000)]
  0x000001e2509e0eb0 JavaThread "Unconstrained build operations Thread 19" [_thread_blocked, id=9008, stack(0x00000072d9600000,0x00000072d9700000)]
  0x000001e2509e1380 JavaThread "Unconstrained build operations Thread 20" [_thread_blocked, id=8092, stack(0x00000072d9700000,0x00000072d9800000)]
  0x000001e2509e0510 JavaThread "Unconstrained build operations Thread 21" [_thread_blocked, id=3640, stack(0x00000072d9800000,0x00000072d9900000)]
  0x000001e24e704d20 JavaThread "Unconstrained build operations Thread 22" [_thread_blocked, id=12664, stack(0x00000072d9900000,0x00000072d9a00000)]
  0x000001e24e7039e0 JavaThread "Unconstrained build operations Thread 23" [_thread_blocked, id=12456, stack(0x00000072d9a00000,0x00000072d9b00000)]
  0x000001e24e703eb0 JavaThread "Unconstrained build operations Thread 24" [_thread_blocked, id=15904, stack(0x00000072d9b00000,0x00000072d9c00000)]
  0x000001e24e704380 JavaThread "Unconstrained build operations Thread 25" [_thread_blocked, id=5636, stack(0x00000072d9c00000,0x00000072d9d00000)]
  0x000001e24e703510 JavaThread "Unconstrained build operations Thread 26" [_thread_blocked, id=4420, stack(0x00000072d9d00000,0x00000072d9e00000)]
  0x000001e24e704850 JavaThread "Unconstrained build operations Thread 27" [_thread_blocked, id=1324, stack(0x00000072d9e00000,0x00000072d9f00000)]
  0x000001e24e701d00 JavaThread "Unconstrained build operations Thread 28" [_thread_blocked, id=1776, stack(0x00000072d9f00000,0x00000072da000000)]
  0x000001e24e7021d0 JavaThread "Unconstrained build operations Thread 29" [_thread_blocked, id=12624, stack(0x00000072da000000,0x00000072da100000)]
  0x000001e24e7026a0 JavaThread "Unconstrained build operations Thread 30" [_thread_blocked, id=2452, stack(0x00000072da100000,0x00000072da200000)]
  0x000001e24e701360 JavaThread "Unconstrained build operations Thread 31" [_thread_blocked, id=10620, stack(0x00000072da200000,0x00000072da300000)]
  0x000001e24e701830 JavaThread "Unconstrained build operations Thread 32" [_thread_blocked, id=10384, stack(0x00000072da300000,0x00000072da400000)]
  0x000001e24e702b70 JavaThread "Unconstrained build operations Thread 33" [_thread_blocked, id=1628, stack(0x00000072da400000,0x00000072da500000)]
  0x000001e24e703040 JavaThread "Unconstrained build operations Thread 34" [_thread_blocked, id=5612, stack(0x00000072da500000,0x00000072da600000)]
  0x000001e24f466a10 JavaThread "Unconstrained build operations Thread 35" [_thread_blocked, id=11060, stack(0x00000072da600000,0x00000072da700000)]
  0x000001e24f464d30 JavaThread "Unconstrained build operations Thread 36" [_thread_blocked, id=3008, stack(0x00000072da700000,0x00000072da800000)]
  0x000001e24f463050 JavaThread "Unconstrained build operations Thread 37" [_thread_blocked, id=11840, stack(0x00000072da800000,0x00000072da900000)]
  0x000001e24f466540 JavaThread "Unconstrained build operations Thread 38" [_thread_blocked, id=8604, stack(0x00000072da900000,0x00000072daa00000)]
  0x000001e24f4656d0 JavaThread "Unconstrained build operations Thread 39" [_thread_blocked, id=11760, stack(0x00000072daa00000,0x00000072dab00000)]
  0x000001e24f465ba0 JavaThread "Unconstrained build operations Thread 40" [_thread_blocked, id=11248, stack(0x00000072dab00000,0x00000072dac00000)]
  0x000001e24f466070 JavaThread "Unconstrained build operations Thread 41" [_thread_blocked, id=12556, stack(0x00000072dac00000,0x00000072dad00000)]
  0x000001e24f465200 JavaThread "Unconstrained build operations Thread 42" [_thread_blocked, id=14024, stack(0x00000072dad00000,0x00000072dae00000)]
  0x000001e24f464860 JavaThread "Unconstrained build operations Thread 43" [_thread_blocked, id=8904, stack(0x00000072dae00000,0x00000072daf00000)]
  0x000001e24f463520 JavaThread "Unconstrained build operations Thread 44" [_thread_blocked, id=14720, stack(0x00000072daf00000,0x00000072db000000)]
  0x000001e24f4639f0 JavaThread "Unconstrained build operations Thread 45" [_thread_blocked, id=7816, stack(0x00000072db000000,0x00000072db100000)]
  0x000001e24f463ec0 JavaThread "Unconstrained build operations Thread 46" [_thread_blocked, id=9920, stack(0x00000072db100000,0x00000072db200000)]
  0x000001e24f464390 JavaThread "Unconstrained build operations Thread 47" [_thread_blocked, id=3780, stack(0x00000072db200000,0x00000072db300000)]
  0x000001e250e6d940 JavaThread "Unconstrained build operations Thread 48" [_thread_blocked, id=16196, stack(0x00000072db300000,0x00000072db400000)]
  0x000001e250e70960 JavaThread "Unconstrained build operations Thread 49" [_thread_blocked, id=12684, stack(0x00000072db400000,0x00000072db500000)]
  0x000001e250e70490 JavaThread "Unconstrained build operations Thread 50" [_thread_blocked, id=14472, stack(0x00000072db500000,0x00000072db600000)]
  0x000001e250e6de10 JavaThread "Unconstrained build operations Thread 51" [_thread_blocked, id=13028, stack(0x00000072db600000,0x00000072db700000)]
  0x000001e250e6ffc0 JavaThread "Unconstrained build operations Thread 52" [_thread_blocked, id=7748, stack(0x00000072db700000,0x00000072db800000)]
  0x000001e250e6e7b0 JavaThread "Unconstrained build operations Thread 53" [_thread_blocked, id=13804, stack(0x00000072db800000,0x00000072db900000)]
  0x000001e250e6e2e0 JavaThread "Unconstrained build operations Thread 54" [_thread_blocked, id=14872, stack(0x00000072db900000,0x00000072dba00000)]
  0x000001e250e70e30 JavaThread "Unconstrained build operations Thread 55" [_thread_blocked, id=9088, stack(0x00000072dba00000,0x00000072dbb00000)]
  0x000001e250e6ec80 JavaThread "Unconstrained build operations Thread 56" [_thread_blocked, id=2816, stack(0x00000072dbb00000,0x00000072dbc00000)]
  0x000001e250e6f620 JavaThread "Unconstrained build operations Thread 57" [_thread_blocked, id=6492, stack(0x00000072dbc00000,0x00000072dbd00000)]
  0x000001e250e6f150 JavaThread "Unconstrained build operations Thread 58" [_thread_blocked, id=2636, stack(0x00000072dbd00000,0x00000072dbe00000)]
  0x000001e250e6faf0 JavaThread "Unconstrained build operations Thread 59" [_thread_blocked, id=9452, stack(0x00000072dbe00000,0x00000072dbf00000)]
  0x000001e250e6d470 JavaThread "Unconstrained build operations Thread 60" [_thread_blocked, id=5748, stack(0x00000072dbf00000,0x00000072dc000000)]
  0x000001e24f207680 JavaThread "build event listener" [_thread_blocked, id=96, stack(0x00000072dc000000,0x00000072dc100000)]
  0x000001e24f206ce0 JavaThread "pool-22-thread-1" [_thread_blocked, id=7252, stack(0x00000072dc800000,0x00000072dc900000)]
  0x000001e24f209360 JavaThread "build event listener" [_thread_blocked, id=11480, stack(0x00000072dc900000,0x00000072dca00000)]
  0x000001e25690bb80 JavaThread "included builds" [_thread_blocked, id=10400, stack(0x00000072dca00000,0x00000072dcb00000)]
  0x000001e25138a570 JavaThread "Execution worker" [_thread_blocked, id=308, stack(0x00000072dcb00000,0x00000072dcc00000)]
  0x000001e251387080 JavaThread "Execution worker Thread 2" [_thread_blocked, id=10360, stack(0x00000072dcc00000,0x00000072dcd00000)]
  0x000001e251388890 JavaThread "Execution worker Thread 3" [_thread_blocked, id=7908, stack(0x00000072dcd00000,0x00000072dce00000)]
  0x000001e25138cbf0 JavaThread "Execution worker Thread 4" [_thread_blocked, id=8188, stack(0x00000072dce00000,0x00000072dcf00000)]
  0x000001e25138d590 JavaThread "Execution worker Thread 5" [_thread_blocked, id=7320, stack(0x00000072dd100000,0x00000072dd200000)]
  0x000001e25690ad10 JavaThread "Cache worker for execution history cache (C:\Users\USER CORE I5 NOVENA\AndroidStudioProjects\AppVeterinaria\.gradle\8.0\executionHistory)" [_thread_blocked, id=14144, stack(0x00000072dd200000,0x00000072dd300000)]
  0x000001e24f2071b0 JavaThread "Build operations" [_thread_blocked, id=4464, stack(0x00000072dd300000,0x00000072dd400000)]
  0x000001e24f207b50 JavaThread "Build operations Thread 2" [_thread_blocked, id=12356, stack(0x00000072dd400000,0x00000072dd500000)]
  0x000001e24f208020 JavaThread "Build operations Thread 3" [_thread_blocked, id=4732, stack(0x00000072dd500000,0x00000072dd600000)]
  0x000001e24f2084f0 JavaThread "Build operations Thread 4" [_thread_blocked, id=4264, stack(0x00000072dd600000,0x00000072dd700000)]
  0x000001e24f2089c0 JavaThread "Build operations Thread 5" [_thread_blocked, id=14012, stack(0x00000072dd700000,0x00000072dd800000)]
  0x000001e24f209d00 JavaThread "Build operations Thread 6" [_thread_blocked, id=16124, stack(0x00000072dd800000,0x00000072dd900000)]

Other Threads:
=>0x000001e24cfd3870 VMThread "VM Thread" [stack: 0x00000072d5700000,0x00000072d5800000] [id=14960]
  0x000001e24d9aefb0 WatcherThread [stack: 0x00000072d6300000,0x00000072d6400000] [id=15616]
  0x000001e233626640 GCTaskThread "GC Thread#0" [stack: 0x00000072d5200000,0x00000072d5300000] [id=12836]
  0x000001e24e939050 GCTaskThread "GC Thread#1" [stack: 0x00000072d6500000,0x00000072d6600000] [id=1672]
  0x000001e24e852ab0 GCTaskThread "GC Thread#2" [stack: 0x00000072d6600000,0x00000072d6700000] [id=15620]
  0x000001e24e57e990 GCTaskThread "GC Thread#3" [stack: 0x00000072d6700000,0x00000072d6800000] [id=14744]
  0x000001e24eaa4e30 GCTaskThread "GC Thread#4" [stack: 0x00000072d6800000,0x00000072d6900000] [id=7300]
  0x000001e24ed29440 GCTaskThread "GC Thread#5" [stack: 0x00000072d7300000,0x00000072d7400000] [id=13236]
  0x000001e233637580 ConcurrentGCThread "G1 Main Marker" [stack: 0x00000072d5300000,0x00000072d5400000] [id=1364]
  0x000001e233637f90 ConcurrentGCThread "G1 Conc#0" [stack: 0x00000072d5400000,0x00000072d5500000] [id=16080]
  0x000001e24ed296f0 ConcurrentGCThread "G1 Conc#1" [stack: 0x00000072d7400000,0x00000072d7500000] [id=14340]
  0x000001e233687810 ConcurrentGCThread "G1 Refine#0" [stack: 0x00000072d5500000,0x00000072d5600000] [id=1736]
  0x000001e255ed3620 ConcurrentGCThread "G1 Refine#1" [stack: 0x00000072dcf00000,0x00000072dd000000] [id=13820]
  0x000001e233688230 ConcurrentGCThread "G1 Service" [stack: 0x00000072d5600000,0x00000072d5700000] [id=6076]

Threads with active compile tasks:
C2 CompilerThread0  1709541 19945       4       java.util.ArrayList::fastRemove (44 bytes)
C1 CompilerThread0  1709541 19947       3       com.sun.tools.javac.tree.TreeInfo::isExpressionStatement (132 bytes)
C2 CompilerThread1  1709541 19916       4       com.google.common.cache.LocalCache$LocalManualCache::get (23 bytes)

VM state: at safepoint (normal execution)

VM Mutex/Monitor currently owned by a thread:  ([mutex/lock_event])
[0x000001e2335c6280] Threads_lock - owner thread: 0x000001e24cfd3870
[0x000001e2335c5bc0] Heap_lock - owner thread: 0x000001e25138d590

Heap address: 0x0000000080000000, size: 2048 MB, Compressed Oops mode: 32-bit

CDS archive(s) not mapped
Compressed class space mapped at: 0x0000000100000000-0x0000000140000000, reserved size: 1073741824
Narrow klass base: 0x0000000000000000, Narrow klass shift: 3, Narrow klass range: 0x140000000

GC Precious Log:
 CPUs: 6 total, 6 available
 Memory: 8127M
 Large Page Support: Disabled
 NUMA Support: Disabled
 Compressed Oops: Enabled (32-bit)
 Heap Region Size: 1M
 Heap Min Capacity: 8M
 Heap Initial Capacity: 128M
 Heap Max Capacity: 2G
 Pre-touch: Disabled
 Parallel Workers: 6
 Concurrent Workers: 2
 Concurrent Refinement Workers: 6
 Periodic GC: Disabled

Heap:
 garbage-first heap   total 280576K, used 129156K [0x0000000080000000, 0x0000000100000000)
  region size 1024K, 8 young (8192K), 8 survivors (8192K)
 Metaspace       used 128617K, committed 129536K, reserved 1163264K
  class space    used 17227K, committed 17664K, reserved 1048576K

Heap Regions: E=young(eden), S=young(survivor), O=old, HS=humongous(starts), HC=humongous(continues), CS=collection set, F=free, OA=open archive, CA=closed archive, TAMS=top-at-mark-start (previous, next)
|   0|0x0000000080000000, 0x0000000080100000, 0x0000000080100000|100%|HS|  |TAMS 0x0000000080100000, 0x0000000080100000| Complete 
|   1|0x0000000080100000, 0x0000000080200000, 0x0000000080200000|100%|HC|  |TAMS 0x0000000080200000, 0x0000000080200000| Complete 
|   2|0x0000000080200000, 0x0000000080300000, 0x0000000080300000|100%|HC|  |TAMS 0x0000000080300000, 0x0000000080300000| Complete 
|   3|0x0000000080300000, 0x0000000080400000, 0x0000000080400000|100%|HC|  |TAMS 0x0000000080400000, 0x0000000080400000| Complete 
|   4|0x0000000080400000, 0x0000000080500000, 0x0000000080500000|100%| O|  |TAMS 0x0000000080500000, 0x0000000080500000| Untracked 
|   5|0x0000000080500000, 0x0000000080600000, 0x0000000080600000|100%| O|  |TAMS 0x0000000080600000, 0x0000000080600000| Untracked 
|   6|0x0000000080600000, 0x0000000080700000, 0x0000000080700000|100%| O|  |TAMS 0x0000000080700000, 0x0000000080700000| Untracked 
|   7|0x0000000080700000, 0x0000000080800000, 0x0000000080800000|100%| O|  |TAMS 0x0000000080800000, 0x0000000080800000| Untracked 
|   8|0x0000000080800000, 0x0000000080900000, 0x0000000080900000|100%| O|  |TAMS 0x0000000080900000, 0x0000000080900000| Untracked 
|   9|0x0000000080900000, 0x00000000809ff200, 0x0000000080a00000| 99%| O|  |TAMS 0x00000000809ff200, 0x00000000809ff200| Untracked 
|  10|0x0000000080a00000, 0x0000000080b00000, 0x0000000080b00000|100%| O|  |TAMS 0x0000000080b00000, 0x0000000080b00000| Untracked 
|  11|0x0000000080b00000, 0x0000000080c00000, 0x0000000080c00000|100%| O|  |TAMS 0x0000000080c00000, 0x0000000080c00000| Untracked 
|  12|0x0000000080c00000, 0x0000000080d00000, 0x0000000080d00000|100%| O|  |TAMS 0x0000000080d00000, 0x0000000080d00000| Untracked 
|  13|0x0000000080d00000, 0x0000000080e00000, 0x0000000080e00000|100%| O|  |TAMS 0x0000000080e00000, 0x0000000080e00000| Untracked 
|  14|0x0000000080e00000, 0x0000000080f00000, 0x0000000080f00000|100%| O|  |TAMS 0x0000000080f00000, 0x0000000080f00000| Untracked 
|  15|0x0000000080f00000, 0x0000000081000000, 0x0000000081000000|100%| O|  |TAMS 0x0000000081000000, 0x0000000081000000| Untracked 
|  16|0x0000000081000000, 0x0000000081100000, 0x0000000081100000|100%| O|  |TAMS 0x0000000081100000, 0x0000000081100000| Untracked 
|  17|0x0000000081100000, 0x0000000081200000, 0x0000000081200000|100%| O|  |TAMS 0x0000000081200000, 0x0000000081200000| Untracked 
|  18|0x0000000081200000, 0x0000000081300000, 0x0000000081300000|100%| O|  |TAMS 0x0000000081300000, 0x0000000081300000| Untracked 
|  19|0x0000000081300000, 0x0000000081400000, 0x0000000081400000|100%| O|  |TAMS 0x0000000081400000, 0x0000000081400000| Untracked 
|  20|0x0000000081400000, 0x0000000081500000, 0x0000000081500000|100%| O|  |TAMS 0x0000000081400000, 0x0000000081500000| Untracked 
|  21|0x0000000081500000, 0x0000000081600000, 0x0000000081600000|100%| O|  |TAMS 0x0000000081600000, 0x0000000081600000| Untracked 
|  22|0x0000000081600000, 0x0000000081700000, 0x0000000081700000|100%| O|  |TAMS 0x0000000081700000, 0x0000000081700000| Untracked 
|  23|0x0000000081700000, 0x0000000081800000, 0x0000000081800000|100%| O|  |TAMS 0x0000000081800000, 0x0000000081800000| Untracked 
|  24|0x0000000081800000, 0x0000000081900000, 0x0000000081900000|100%| O|  |TAMS 0x0000000081900000, 0x0000000081900000| Untracked 
|  25|0x0000000081900000, 0x0000000081a00000, 0x0000000081a00000|100%| O|  |TAMS 0x0000000081a00000, 0x0000000081a00000| Untracked 
|  26|0x0000000081a00000, 0x0000000081b00000, 0x0000000081b00000|100%| O|  |TAMS 0x0000000081b00000, 0x0000000081b00000| Untracked 
|  27|0x0000000081b00000, 0x0000000081c00000, 0x0000000081c00000|100%| O|  |TAMS 0x0000000081c00000, 0x0000000081c00000| Untracked 
|  28|0x0000000081c00000, 0x0000000081d00000, 0x0000000081d00000|100%| O|  |TAMS 0x0000000081d00000, 0x0000000081d00000| Untracked 
|  29|0x0000000081d00000, 0x0000000081e00000, 0x0000000081e00000|100%| O|  |TAMS 0x0000000081e00000, 0x0000000081e00000| Untracked 
|  30|0x0000000081e00000, 0x0000000081f00000, 0x0000000081f00000|100%|HS|  |TAMS 0x0000000081f00000, 0x0000000081f00000| Complete 
|  31|0x0000000081f00000, 0x0000000082000000, 0x0000000082000000|100%|HS|  |TAMS 0x0000000082000000, 0x0000000082000000| Complete 
|  32|0x0000000082000000, 0x0000000082100000, 0x0000000082100000|100%|HS|  |TAMS 0x0000000082100000, 0x0000000082100000| Complete 
|  33|0x0000000082100000, 0x0000000082100000, 0x0000000082200000|  0%| F|  |TAMS 0x0000000082100000, 0x0000000082100000| Untracked 
|  34|0x0000000082200000, 0x0000000082200000, 0x0000000082300000|  0%| F|  |TAMS 0x0000000082200000, 0x0000000082200000| Untracked 
|  35|0x0000000082300000, 0x0000000082400000, 0x0000000082400000|100%| O|  |TAMS 0x0000000082400000, 0x0000000082400000| Untracked 
|  36|0x0000000082400000, 0x0000000082500000, 0x0000000082500000|100%| O|  |TAMS 0x0000000082500000, 0x0000000082500000| Untracked 
|  37|0x0000000082500000, 0x0000000082600000, 0x0000000082600000|100%| O|  |TAMS 0x0000000082600000, 0x0000000082600000| Untracked 
|  38|0x0000000082600000, 0x0000000082700000, 0x0000000082700000|100%| O|  |TAMS 0x0000000082700000, 0x0000000082700000| Untracked 
|  39|0x0000000082700000, 0x0000000082800000, 0x0000000082800000|100%| O|  |TAMS 0x0000000082800000, 0x0000000082800000| Untracked 
|  40|0x0000000082800000, 0x0000000082900000, 0x0000000082900000|100%| O|  |TAMS 0x0000000082900000, 0x0000000082900000| Untracked 
|  41|0x0000000082900000, 0x0000000082a00000, 0x0000000082a00000|100%| O|  |TAMS 0x0000000082a00000, 0x0000000082a00000| Untracked 
|  42|0x0000000082a00000, 0x0000000082b00000, 0x0000000082b00000|100%| O|  |TAMS 0x0000000082b00000, 0x0000000082b00000| Untracked 
|  43|0x0000000082b00000, 0x0000000082c00000, 0x0000000082c00000|100%| O|  |TAMS 0x0000000082c00000, 0x0000000082c00000| Untracked 
|  44|0x0000000082c00000, 0x0000000082d00000, 0x0000000082d00000|100%| O|  |TAMS 0x0000000082d00000, 0x0000000082d00000| Untracked 
|  45|0x0000000082d00000, 0x0000000082e00000, 0x0000000082e00000|100%| O|  |TAMS 0x0000000082e00000, 0x0000000082e00000| Untracked 
|  46|0x0000000082e00000, 0x0000000082f00000, 0x0000000082f00000|100%| O|  |TAMS 0x0000000082f00000, 0x0000000082f00000| Untracked 
|  47|0x0000000082f00000, 0x0000000083000000, 0x0000000083000000|100%| O|  |TAMS 0x0000000083000000, 0x0000000083000000| Untracked 
|  48|0x0000000083000000, 0x0000000083100000, 0x0000000083100000|100%| O|  |TAMS 0x0000000083100000, 0x0000000083100000| Untracked 
|  49|0x0000000083100000, 0x0000000083200000, 0x0000000083200000|100%| O|  |TAMS 0x0000000083200000, 0x0000000083200000| Untracked 
|  50|0x0000000083200000, 0x0000000083300000, 0x0000000083300000|100%| O|  |TAMS 0x0000000083300000, 0x0000000083300000| Untracked 
|  51|0x0000000083300000, 0x0000000083400000, 0x0000000083400000|100%| O|  |TAMS 0x0000000083400000, 0x0000000083400000| Untracked 
|  52|0x0000000083400000, 0x0000000083500000, 0x0000000083500000|100%| O|  |TAMS 0x0000000083500000, 0x0000000083500000| Untracked 
|  53|0x0000000083500000, 0x0000000083600000, 0x0000000083600000|100%| O|  |TAMS 0x0000000083600000, 0x0000000083600000| Untracked 
|  54|0x0000000083600000, 0x0000000083700000, 0x0000000083700000|100%| O|  |TAMS 0x0000000083700000, 0x0000000083700000| Untracked 
|  55|0x0000000083700000, 0x0000000083800000, 0x0000000083800000|100%| O|  |TAMS 0x0000000083800000, 0x0000000083800000| Untracked 
|  56|0x0000000083800000, 0x0000000083900000, 0x0000000083900000|100%| O|  |TAMS 0x0000000083900000, 0x0000000083900000| Untracked 
|  57|0x0000000083900000, 0x0000000083900000, 0x0000000083a00000|  0%| F|  |TAMS 0x0000000083900000, 0x0000000083900000| Untracked 
|  58|0x0000000083a00000, 0x0000000083b00000, 0x0000000083b00000|100%| O|  |TAMS 0x0000000083b00000, 0x0000000083b00000| Untracked 
|  59|0x0000000083b00000, 0x0000000083c00000, 0x0000000083c00000|100%| O|  |TAMS 0x0000000083c00000, 0x0000000083c00000| Untracked 
|  60|0x0000000083c00000, 0x0000000083d00000, 0x0000000083d00000|100%| O|  |TAMS 0x0000000083d00000, 0x0000000083d00000| Untracked 
|  61|0x0000000083d00000, 0x0000000083e00000, 0x0000000083e00000|100%| O|  |TAMS 0x0000000083e00000, 0x0000000083e00000| Untracked 
|  62|0x0000000083e00000, 0x0000000083f00000, 0x0000000083f00000|100%| O|  |TAMS 0x0000000083f00000, 0x0000000083f00000| Untracked 
|  63|0x0000000083f00000, 0x0000000084000000, 0x0000000084000000|100%| O|  |TAMS 0x0000000084000000, 0x0000000084000000| Untracked 
|  64|0x0000000084000000, 0x0000000084100000, 0x0000000084100000|100%| O|  |TAMS 0x0000000084100000, 0x0000000084100000| Untracked 
|  65|0x0000000084100000, 0x0000000084100000, 0x0000000084200000|  0%| F|  |TAMS 0x0000000084100000, 0x0000000084100000| Untracked 
|  66|0x0000000084200000, 0x0000000084300000, 0x0000000084300000|100%| O|  |TAMS 0x0000000084300000, 0x0000000084300000| Untracked 
|  67|0x0000000084300000, 0x0000000084400000, 0x0000000084400000|100%| O|  |TAMS 0x0000000084400000, 0x0000000084400000| Untracked 
|  68|0x0000000084400000, 0x0000000084500000, 0x0000000084500000|100%| O|  |TAMS 0x0000000084500000, 0x0000000084500000| Untracked 
|  69|0x0000000084500000, 0x0000000084600000, 0x0000000084600000|100%| O|  |TAMS 0x0000000084600000, 0x0000000084600000| Untracked 
|  70|0x0000000084600000, 0x0000000084700000, 0x0000000084700000|100%| O|  |TAMS 0x0000000084700000, 0x0000000084700000| Untracked 
|  71|0x0000000084700000, 0x0000000084800000, 0x0000000084800000|100%| O|  |TAMS 0x0000000084800000, 0x0000000084800000| Untracked 
|  72|0x0000000084800000, 0x0000000084900000, 0x0000000084900000|100%| O|  |TAMS 0x0000000084900000, 0x0000000084900000| Untracked 
|  73|0x0000000084900000, 0x0000000084a00000, 0x0000000084a00000|100%| O|  |TAMS 0x0000000084a00000, 0x0000000084a00000| Untracked 
|  74|0x0000000084a00000, 0x0000000084b00000, 0x0000000084b00000|100%| O|  |TAMS 0x0000000084b00000, 0x0000000084b00000| Untracked 
|  75|0x0000000084b00000, 0x0000000084c00000, 0x0000000084c00000|100%| O|  |TAMS 0x0000000084c00000, 0x0000000084c00000| Untracked 
|  76|0x0000000084c00000, 0x0000000084d00000, 0x0000000084d00000|100%| O|  |TAMS 0x0000000084d00000, 0x0000000084d00000| Untracked 
|  77|0x0000000084d00000, 0x0000000084e00000, 0x0000000084e00000|100%| O|  |TAMS 0x0000000084e00000, 0x0000000084e00000| Untracked 
|  78|0x0000000084e00000, 0x0000000084e00000, 0x0000000084f00000|  0%| F|  |TAMS 0x0000000084e00000, 0x0000000084e00000| Untracked 
|  79|0x0000000084f00000, 0x0000000084f00000, 0x0000000085000000|  0%| F|  |TAMS 0x0000000084f00000, 0x0000000084f00000| Untracked 
|  80|0x0000000085000000, 0x0000000085100000, 0x0000000085100000|100%| O|  |TAMS 0x0000000085000000, 0x0000000085100000| Untracked 
|  81|0x0000000085100000, 0x0000000085200000, 0x0000000085200000|100%| O|  |TAMS 0x0000000085200000, 0x0000000085200000| Untracked 
|  82|0x0000000085200000, 0x0000000085300000, 0x0000000085300000|100%| O|  |TAMS 0x0000000085300000, 0x0000000085300000| Untracked 
|  83|0x0000000085300000, 0x0000000085400000, 0x0000000085400000|100%| O|  |TAMS 0x0000000085400000, 0x0000000085400000| Untracked 
|  84|0x0000000085400000, 0x0000000085500000, 0x0000000085500000|100%| O|  |TAMS 0x0000000085500000, 0x0000000085500000| Untracked 
|  85|0x0000000085500000, 0x0000000085600000, 0x0000000085600000|100%| O|  |TAMS 0x0000000085600000, 0x0000000085600000| Untracked 
|  86|0x0000000085600000, 0x0000000085600000, 0x0000000085700000|  0%| F|  |TAMS 0x0000000085600000, 0x0000000085600000| Untracked 
|  87|0x0000000085700000, 0x0000000085800000, 0x0000000085800000|100%| O|  |TAMS 0x0000000085700000, 0x0000000085800000| Untracked 
|  88|0x0000000085800000, 0x0000000085900000, 0x0000000085900000|100%| O|  |TAMS 0x0000000085900000, 0x0000000085900000| Untracked 
|  89|0x0000000085900000, 0x0000000085a00000, 0x0000000085a00000|100%| O|  |TAMS 0x0000000085a00000, 0x0000000085a00000| Untracked 
|  90|0x0000000085a00000, 0x0000000085b00000, 0x0000000085b00000|100%| O|  |TAMS 0x0000000085b00000, 0x0000000085b00000| Untracked 
|  91|0x0000000085b00000, 0x0000000085c00000, 0x0000000085c00000|100%| O|  |TAMS 0x0000000085c00000, 0x0000000085c00000| Untracked 
|  92|0x0000000085c00000, 0x0000000085c00000, 0x0000000085d00000|  0%| F|  |TAMS 0x0000000085c00000, 0x0000000085c00000| Untracked 
|  93|0x0000000085d00000, 0x0000000085e00000, 0x0000000085e00000|100%| O|  |TAMS 0x0000000085e00000, 0x0000000085e00000| Untracked 
|  94|0x0000000085e00000, 0x0000000085f00000, 0x0000000085f00000|100%| O|  |TAMS 0x0000000085e00000, 0x0000000085f00000| Untracked 
|  95|0x0000000085f00000, 0x0000000086000000, 0x0000000086000000|100%| O|  |TAMS 0x0000000085f00000, 0x0000000086000000| Untracked 
|  96|0x0000000086000000, 0x0000000086100000, 0x0000000086100000|100%| O|  |TAMS 0x0000000086000000, 0x0000000086100000| Untracked 
|  97|0x0000000086100000, 0x0000000086200000, 0x0000000086200000|100%| O|  |TAMS 0x0000000086200000, 0x0000000086200000| Untracked 
|  98|0x0000000086200000, 0x0000000086300000, 0x0000000086300000|100%| O|  |TAMS 0x0000000086200000, 0x0000000086300000| Untracked 
|  99|0x0000000086300000, 0x0000000086400000, 0x0000000086400000|100%| O|  |TAMS 0x0000000086300000, 0x0000000086400000| Untracked 
| 100|0x0000000086400000, 0x0000000086500000, 0x0000000086500000|100%| O|  |TAMS 0x0000000086400000, 0x0000000086500000| Untracked 
| 101|0x0000000086500000, 0x0000000086600000, 0x0000000086600000|100%| O|  |TAMS 0x0000000086500000, 0x0000000086600000| Untracked 
| 102|0x0000000086600000, 0x00000000866c0400, 0x0000000086700000| 75%| O|  |TAMS 0x0000000086600000, 0x00000000866c0400| Untracked 
| 103|0x0000000086700000, 0x0000000086700000, 0x0000000086800000|  0%| F|  |TAMS 0x0000000086700000, 0x0000000086700000| Untracked 
| 104|0x0000000086800000, 0x0000000086900000, 0x0000000086900000|100%| O|  |TAMS 0x0000000086900000, 0x0000000086900000| Untracked 
| 105|0x0000000086900000, 0x0000000086900000, 0x0000000086a00000|  0%| F|  |TAMS 0x0000000086900000, 0x0000000086900000| Untracked 
| 106|0x0000000086a00000, 0x0000000086b00000, 0x0000000086b00000|100%| O|  |TAMS 0x0000000086a00000, 0x0000000086b00000| Untracked 
| 107|0x0000000086b00000, 0x0000000086c00000, 0x0000000086c00000|100%| O|  |TAMS 0x0000000086c00000, 0x0000000086c00000| Untracked 
| 108|0x0000000086c00000, 0x0000000086d00000, 0x0000000086d00000|100%| O|  |TAMS 0x0000000086d00000, 0x0000000086d00000| Untracked 
| 109|0x0000000086d00000, 0x0000000086e00000, 0x0000000086e00000|100%| O|  |TAMS 0x0000000086d00000, 0x0000000086e00000| Untracked 
| 110|0x0000000086e00000, 0x0000000086e00000, 0x0000000086f00000|  0%| F|  |TAMS 0x0000000086e00000, 0x0000000086e00000| Untracked 
| 111|0x0000000086f00000, 0x0000000086f00000, 0x0000000087000000|  0%| F|  |TAMS 0x0000000086f00000, 0x0000000086f00000| Untracked 
| 112|0x0000000087000000, 0x0000000087000000, 0x0000000087100000|  0%| F|  |TAMS 0x0000000087000000, 0x0000000087000000| Untracked 
| 113|0x0000000087100000, 0x0000000087100000, 0x0000000087200000|  0%| F|  |TAMS 0x0000000087100000, 0x0000000087100000| Untracked 
| 114|0x0000000087200000, 0x0000000087200000, 0x0000000087300000|  0%| F|  |TAMS 0x0000000087200000, 0x0000000087200000| Untracked 
| 115|0x0000000087300000, 0x0000000087300000, 0x0000000087400000|  0%| F|  |TAMS 0x0000000087300000, 0x0000000087300000| Untracked 
| 116|0x0000000087400000, 0x0000000087400000, 0x0000000087500000|  0%| F|  |TAMS 0x0000000087400000, 0x0000000087400000| Untracked 
| 117|0x0000000087500000, 0x0000000087500000, 0x0000000087600000|  0%| F|  |TAMS 0x0000000087500000, 0x0000000087500000| Untracked 
| 118|0x0000000087600000, 0x0000000087700000, 0x0000000087700000|100%| O|  |TAMS 0x0000000087600000, 0x0000000087700000| Untracked 
| 119|0x0000000087700000, 0x0000000087800000, 0x0000000087800000|100%| O|  |TAMS 0x0000000087800000, 0x0000000087800000| Untracked 
| 120|0x0000000087800000, 0x0000000087900000, 0x0000000087900000|100%| O|  |TAMS 0x0000000087900000, 0x0000000087900000| Untracked 
| 121|0x0000000087900000, 0x0000000087a00000, 0x0000000087a00000|100%| O|  |TAMS 0x0000000087a00000, 0x0000000087a00000| Untracked 
| 122|0x0000000087a00000, 0x0000000087a00000, 0x0000000087b00000|  0%| F|  |TAMS 0x0000000087a00000, 0x0000000087a00000| Untracked 
| 123|0x0000000087b00000, 0x0000000087b00000, 0x0000000087c00000|  0%| F|  |TAMS 0x0000000087b00000, 0x0000000087b00000| Untracked 
| 124|0x0000000087c00000, 0x0000000087d00000, 0x0000000087d00000|100%| O|  |TAMS 0x0000000087d00000, 0x0000000087d00000| Untracked 
| 125|0x0000000087d00000, 0x0000000087d00000, 0x0000000087e00000|  0%| F|  |TAMS 0x0000000087d00000, 0x0000000087d00000| Untracked 
| 126|0x0000000087e00000, 0x0000000087e00000, 0x0000000087f00000|  0%| F|  |TAMS 0x0000000087e00000, 0x0000000087e00000| Untracked 
| 127|0x0000000087f00000, 0x0000000087f00000, 0x0000000088000000|  0%| F|  |TAMS 0x0000000087f00000, 0x0000000087f00000| Untracked 
| 128|0x0000000088000000, 0x0000000088000000, 0x0000000088100000|  0%| F|  |TAMS 0x0000000088000000, 0x0000000088000000| Untracked 
| 129|0x0000000088100000, 0x0000000088100000, 0x0000000088200000|  0%| F|  |TAMS 0x0000000088100000, 0x0000000088100000| Untracked 
| 130|0x0000000088200000, 0x0000000088200000, 0x0000000088300000|  0%| F|  |TAMS 0x0000000088200000, 0x0000000088200000| Untracked 
| 131|0x0000000088300000, 0x0000000088300000, 0x0000000088400000|  0%| F|  |TAMS 0x0000000088300000, 0x0000000088300000| Untracked 
| 132|0x0000000088400000, 0x0000000088400000, 0x0000000088500000|  0%| F|  |TAMS 0x0000000088400000, 0x0000000088400000| Untracked 
| 133|0x0000000088500000, 0x0000000088600000, 0x0000000088600000|100%| O|  |TAMS 0x0000000088600000, 0x0000000088600000| Untracked 
| 134|0x0000000088600000, 0x0000000088700000, 0x0000000088700000|100%| O|  |TAMS 0x0000000088700000, 0x0000000088700000| Untracked 
| 135|0x0000000088700000, 0x0000000088800000, 0x0000000088800000|100%| O|  |TAMS 0x0000000088800000, 0x0000000088800000| Untracked 
| 136|0x0000000088800000, 0x0000000088900000, 0x0000000088900000|100%| O|  |TAMS 0x0000000088900000, 0x0000000088900000| Untracked 
| 137|0x0000000088900000, 0x0000000088a00000, 0x0000000088a00000|100%| O|  |TAMS 0x0000000088a00000, 0x0000000088a00000| Untracked 
| 138|0x0000000088a00000, 0x0000000088b00000, 0x0000000088b00000|100%| O|  |TAMS 0x0000000088b00000, 0x0000000088b00000| Untracked 
| 139|0x0000000088b00000, 0x0000000088c00000, 0x0000000088c00000|100%| O|  |TAMS 0x0000000088c00000, 0x0000000088c00000| Untracked 
| 140|0x0000000088c00000, 0x0000000088d00000, 0x0000000088d00000|100%| O|  |TAMS 0x0000000088d00000, 0x0000000088d00000| Untracked 
| 141|0x0000000088d00000, 0x0000000088d00000, 0x0000000088e00000|  0%| F|  |TAMS 0x0000000088d00000, 0x0000000088d00000| Untracked 
| 142|0x0000000088e00000, 0x0000000088e00000, 0x0000000088f00000|  0%| F|  |TAMS 0x0000000088e00000, 0x0000000088e00000| Untracked 
| 143|0x0000000088f00000, 0x0000000088f00000, 0x0000000089000000|  0%| F|  |TAMS 0x0000000088f00000, 0x0000000088f00000| Untracked 
| 144|0x0000000089000000, 0x0000000089000000, 0x0000000089100000|  0%| F|  |TAMS 0x0000000089000000, 0x0000000089000000| Untracked 
| 145|0x0000000089100000, 0x0000000089200000, 0x0000000089200000|100%| O|  |TAMS 0x0000000089200000, 0x0000000089200000| Untracked 
| 146|0x0000000089200000, 0x0000000089200000, 0x0000000089300000|  0%| F|  |TAMS 0x0000000089200000, 0x0000000089200000| Untracked 
| 147|0x0000000089300000, 0x0000000089300000, 0x0000000089400000|  0%| F|  |TAMS 0x0000000089300000, 0x0000000089300000| Untracked 
| 148|0x0000000089400000, 0x0000000089500000, 0x0000000089500000|100%| O|  |TAMS 0x0000000089500000, 0x0000000089500000| Untracked 
| 149|0x0000000089500000, 0x0000000089500000, 0x0000000089600000|  0%| F|  |TAMS 0x0000000089500000, 0x0000000089500000| Untracked 
| 150|0x0000000089600000, 0x0000000089600000, 0x0000000089700000|  0%| F|  |TAMS 0x0000000089600000, 0x0000000089600000| Untracked 
| 151|0x0000000089700000, 0x0000000089700000, 0x0000000089800000|  0%| F|  |TAMS 0x0000000089700000, 0x0000000089700000| Untracked 
| 152|0x0000000089800000, 0x0000000089800000, 0x0000000089900000|  0%| F|  |TAMS 0x0000000089800000, 0x0000000089800000| Untracked 
| 153|0x0000000089900000, 0x0000000089a00000, 0x0000000089a00000|100%| O|  |TAMS 0x000000008999d600, 0x0000000089a00000| Untracked 
| 154|0x0000000089a00000, 0x0000000089a00000, 0x0000000089b00000|  0%| F|  |TAMS 0x0000000089a00000, 0x0000000089a00000| Untracked 
| 155|0x0000000089b00000, 0x0000000089b00000, 0x0000000089c00000|  0%| F|  |TAMS 0x0000000089b00000, 0x0000000089b00000| Untracked 
| 156|0x0000000089c00000, 0x0000000089c00000, 0x0000000089d00000|  0%| F|  |TAMS 0x0000000089c00000, 0x0000000089c00000| Untracked 
| 157|0x0000000089d00000, 0x0000000089d00000, 0x0000000089e00000|  0%| F|  |TAMS 0x0000000089d00000, 0x0000000089d00000| Untracked 
| 158|0x0000000089e00000, 0x0000000089e00000, 0x0000000089f00000|  0%| F|  |TAMS 0x0000000089e00000, 0x0000000089e00000| Untracked 
| 159|0x0000000089f00000, 0x000000008a000000, 0x000000008a000000|100%|HS|  |TAMS 0x000000008a000000, 0x000000008a000000| Complete 
| 160|0x000000008a000000, 0x000000008a100000, 0x000000008a100000|100%|HC|  |TAMS 0x000000008a100000, 0x000000008a100000| Complete 
| 161|0x000000008a100000, 0x000000008a100000, 0x000000008a200000|  0%| F|  |TAMS 0x000000008a100000, 0x000000008a100000| Untracked 
| 162|0x000000008a200000, 0x000000008a200000, 0x000000008a300000|  0%| F|  |TAMS 0x000000008a200000, 0x000000008a200000| Untracked 
| 163|0x000000008a300000, 0x000000008a400000, 0x000000008a400000|100%| O|  |TAMS 0x000000008a400000, 0x000000008a400000| Untracked 
| 164|0x000000008a400000, 0x000000008a400000, 0x000000008a500000|  0%| F|  |TAMS 0x000000008a400000, 0x000000008a400000| Untracked 
| 165|0x000000008a500000, 0x000000008a500000, 0x000000008a600000|  0%| F|  |TAMS 0x000000008a500000, 0x000000008a500000| Untracked 
| 166|0x000000008a600000, 0x000000008a600000, 0x000000008a700000|  0%| F|  |TAMS 0x000000008a600000, 0x000000008a600000| Untracked 
| 167|0x000000008a700000, 0x000000008a700000, 0x000000008a800000|  0%| F|  |TAMS 0x000000008a700000, 0x000000008a700000| Untracked 
| 168|0x000000008a800000, 0x000000008a800000, 0x000000008a900000|  0%| F|  |TAMS 0x000000008a800000, 0x000000008a800000| Untracked 
| 169|0x000000008a900000, 0x000000008a900000, 0x000000008aa00000|  0%| F|  |TAMS 0x000000008a900000, 0x000000008a900000| Untracked 
| 170|0x000000008aa00000, 0x000000008aa00000, 0x000000008ab00000|  0%| F|  |TAMS 0x000000008aa00000, 0x000000008aa00000| Untracked 
| 171|0x000000008ab00000, 0x000000008ab00000, 0x000000008ac00000|  0%| F|  |TAMS 0x000000008ab00000, 0x000000008ab00000| Untracked 
| 172|0x000000008ac00000, 0x000000008ac00000, 0x000000008ad00000|  0%| F|  |TAMS 0x000000008ac00000, 0x000000008ac00000| Untracked 
| 173|0x000000008ad00000, 0x000000008ad00000, 0x000000008ae00000|  0%| F|  |TAMS 0x000000008ad00000, 0x000000008ad00000| Untracked 
| 174|0x000000008ae00000, 0x000000008ae00000, 0x000000008af00000|  0%| F|  |TAMS 0x000000008ae00000, 0x000000008ae00000| Untracked 
| 175|0x000000008af00000, 0x000000008af00000, 0x000000008b000000|  0%| F|  |TAMS 0x000000008af00000, 0x000000008af00000| Untracked 
| 176|0x000000008b000000, 0x000000008b000000, 0x000000008b100000|  0%| F|  |TAMS 0x000000008b000000, 0x000000008b000000| Untracked 
| 177|0x000000008b100000, 0x000000008b100000, 0x000000008b200000|  0%| F|  |TAMS 0x000000008b100000, 0x000000008b100000| Untracked 
| 178|0x000000008b200000, 0x000000008b200000, 0x000000008b300000|  0%| F|  |TAMS 0x000000008b200000, 0x000000008b200000| Untracked 
| 179|0x000000008b300000, 0x000000008b300000, 0x000000008b400000|  0%| F|  |TAMS 0x000000008b300000, 0x000000008b300000| Untracked 
| 180|0x000000008b400000, 0x000000008b400000, 0x000000008b500000|  0%| F|  |TAMS 0x000000008b400000, 0x000000008b400000| Untracked 
| 181|0x000000008b500000, 0x000000008b500000, 0x000000008b600000|  0%| F|  |TAMS 0x000000008b500000, 0x000000008b500000| Untracked 
| 182|0x000000008b600000, 0x000000008b600000, 0x000000008b700000|  0%| F|  |TAMS 0x000000008b600000, 0x000000008b600000| Untracked 
| 183|0x000000008b700000, 0x000000008b700000, 0x000000008b800000|  0%| F|  |TAMS 0x000000008b700000, 0x000000008b700000| Untracked 
| 184|0x000000008b800000, 0x000000008b800000, 0x000000008b900000|  0%| F|  |TAMS 0x000000008b800000, 0x000000008b800000| Untracked 
| 185|0x000000008b900000, 0x000000008b900000, 0x000000008ba00000|  0%| F|  |TAMS 0x000000008b900000, 0x000000008b900000| Untracked 
| 186|0x000000008ba00000, 0x000000008ba00000, 0x000000008bb00000|  0%| F|  |TAMS 0x000000008ba00000, 0x000000008ba00000| Untracked 
| 187|0x000000008bb00000, 0x000000008bb00000, 0x000000008bc00000|  0%| F|  |TAMS 0x000000008bb00000, 0x000000008bb00000| Untracked 
| 188|0x000000008bc00000, 0x000000008bc00000, 0x000000008bd00000|  0%| F|  |TAMS 0x000000008bc00000, 0x000000008bc00000| Untracked 
| 189|0x000000008bd00000, 0x000000008bd00000, 0x000000008be00000|  0%| F|  |TAMS 0x000000008bd00000, 0x000000008bd00000| Untracked 
| 190|0x000000008be00000, 0x000000008be00000, 0x000000008bf00000|  0%| F|  |TAMS 0x000000008be00000, 0x000000008be00000| Untracked 
| 191|0x000000008bf00000, 0x000000008bf00000, 0x000000008c000000|  0%| F|  |TAMS 0x000000008bf00000, 0x000000008bf00000| Untracked 
| 192|0x000000008c000000, 0x000000008c000000, 0x000000008c100000|  0%| F|  |TAMS 0x000000008c000000, 0x000000008c000000| Untracked 
| 193|0x000000008c100000, 0x000000008c100000, 0x000000008c200000|  0%| F|  |TAMS 0x000000008c100000, 0x000000008c100000| Untracked 
| 194|0x000000008c200000, 0x000000008c200000, 0x000000008c300000|  0%| F|  |TAMS 0x000000008c200000, 0x000000008c200000| Untracked 
| 195|0x000000008c300000, 0x000000008c300000, 0x000000008c400000|  0%| F|  |TAMS 0x000000008c300000, 0x000000008c300000| Untracked 
| 196|0x000000008c400000, 0x000000008c400000, 0x000000008c500000|  0%| F|  |TAMS 0x000000008c400000, 0x000000008c400000| Untracked 
| 197|0x000000008c500000, 0x000000008c500000, 0x000000008c600000|  0%| F|  |TAMS 0x000000008c500000, 0x000000008c500000| Untracked 
| 198|0x000000008c600000, 0x000000008c600000, 0x000000008c700000|  0%| F|  |TAMS 0x000000008c600000, 0x000000008c600000| Untracked 
| 199|0x000000008c700000, 0x000000008c700000, 0x000000008c800000|  0%| F|  |TAMS 0x000000008c700000, 0x000000008c700000| Untracked 
| 200|0x000000008c800000, 0x000000008c800000, 0x000000008c900000|  0%| F|  |TAMS 0x000000008c800000, 0x000000008c800000| Untracked 
| 201|0x000000008c900000, 0x000000008c900000, 0x000000008ca00000|  0%| F|  |TAMS 0x000000008c900000, 0x000000008c900000| Untracked 
| 202|0x000000008ca00000, 0x000000008ca00000, 0x000000008cb00000|  0%| F|  |TAMS 0x000000008ca00000, 0x000000008ca00000| Untracked 
| 203|0x000000008cb00000, 0x000000008cb00000, 0x000000008cc00000|  0%| F|  |TAMS 0x000000008cb00000, 0x000000008cb00000| Untracked 
| 204|0x000000008cc00000, 0x000000008cc00000, 0x000000008cd00000|  0%| F|  |TAMS 0x000000008cc00000, 0x000000008cc00000| Untracked 
| 205|0x000000008cd00000, 0x000000008cd00000, 0x000000008ce00000|  0%| F|  |TAMS 0x000000008cd00000, 0x000000008cd00000| Untracked 
| 206|0x000000008ce00000, 0x000000008ce00000, 0x000000008cf00000|  0%| F|  |TAMS 0x000000008ce00000, 0x000000008ce00000| Untracked 
| 207|0x000000008cf00000, 0x000000008cf00000, 0x000000008d000000|  0%| F|  |TAMS 0x000000008cf00000, 0x000000008cf00000| Untracked 
| 208|0x000000008d000000, 0x000000008d000000, 0x000000008d100000|  0%| F|  |TAMS 0x000000008d000000, 0x000000008d000000| Untracked 
| 209|0x000000008d100000, 0x000000008d100000, 0x000000008d200000|  0%| F|  |TAMS 0x000000008d100000, 0x000000008d100000| Untracked 
| 210|0x000000008d200000, 0x000000008d200000, 0x000000008d300000|  0%| F|  |TAMS 0x000000008d200000, 0x000000008d200000| Untracked 
| 211|0x000000008d300000, 0x000000008d300000, 0x000000008d400000|  0%| F|  |TAMS 0x000000008d300000, 0x000000008d300000| Untracked 
| 212|0x000000008d400000, 0x000000008d400000, 0x000000008d500000|  0%| F|  |TAMS 0x000000008d400000, 0x000000008d400000| Untracked 
| 213|0x000000008d500000, 0x000000008d500000, 0x000000008d600000|  0%| F|  |TAMS 0x000000008d500000, 0x000000008d500000| Untracked 
| 214|0x000000008d600000, 0x000000008d600000, 0x000000008d700000|  0%| F|  |TAMS 0x000000008d600000, 0x000000008d600000| Untracked 
| 215|0x000000008d700000, 0x000000008d700000, 0x000000008d800000|  0%| F|  |TAMS 0x000000008d700000, 0x000000008d700000| Untracked 
| 216|0x000000008d800000, 0x000000008d800000, 0x000000008d900000|  0%| F|  |TAMS 0x000000008d800000, 0x000000008d800000| Untracked 
| 217|0x000000008d900000, 0x000000008d900000, 0x000000008da00000|  0%| F|  |TAMS 0x000000008d900000, 0x000000008d900000| Untracked 
| 218|0x000000008da00000, 0x000000008da00000, 0x000000008db00000|  0%| F|  |TAMS 0x000000008da00000, 0x000000008da00000| Untracked 
| 219|0x000000008db00000, 0x000000008db00000, 0x000000008dc00000|  0%| F|  |TAMS 0x000000008db00000, 0x000000008db00000| Untracked 
| 220|0x000000008dc00000, 0x000000008dc00000, 0x000000008dd00000|  0%| F|  |TAMS 0x000000008dc00000, 0x000000008dc00000| Untracked 
| 221|0x000000008dd00000, 0x000000008dd00000, 0x000000008de00000|  0%| F|  |TAMS 0x000000008dd00000, 0x000000008dd00000| Untracked 
| 222|0x000000008de00000, 0x000000008de00000, 0x000000008df00000|  0%| F|  |TAMS 0x000000008de00000, 0x000000008de00000| Untracked 
| 223|0x000000008df00000, 0x000000008df00000, 0x000000008e000000|  0%| F|  |TAMS 0x000000008df00000, 0x000000008df00000| Untracked 
| 224|0x000000008e000000, 0x000000008e000000, 0x000000008e100000|  0%| F|  |TAMS 0x000000008e000000, 0x000000008e000000| Untracked 
| 225|0x000000008e100000, 0x000000008e100000, 0x000000008e200000|  0%| F|  |TAMS 0x000000008e100000, 0x000000008e100000| Untracked 
| 226|0x000000008e200000, 0x000000008e200000, 0x000000008e300000|  0%| F|  |TAMS 0x000000008e200000, 0x000000008e200000| Untracked 
| 227|0x000000008e300000, 0x000000008e300000, 0x000000008e400000|  0%| F|  |TAMS 0x000000008e300000, 0x000000008e300000| Untracked 
| 228|0x000000008e400000, 0x000000008e400000, 0x000000008e500000|  0%| F|  |TAMS 0x000000008e400000, 0x000000008e400000| Untracked 
| 229|0x000000008e500000, 0x000000008e500000, 0x000000008e600000|  0%| F|  |TAMS 0x000000008e500000, 0x000000008e500000| Untracked 
| 230|0x000000008e600000, 0x000000008e661d00, 0x000000008e700000| 38%| S|CS|TAMS 0x000000008e600000, 0x000000008e600000| Complete 
| 231|0x000000008e700000, 0x000000008e800000, 0x000000008e800000|100%| S|CS|TAMS 0x000000008e700000, 0x000000008e700000| Complete 
| 232|0x000000008e800000, 0x000000008e900000, 0x000000008e900000|100%| S|CS|TAMS 0x000000008e800000, 0x000000008e800000| Complete 
| 233|0x000000008e900000, 0x000000008ea00000, 0x000000008ea00000|100%| S|CS|TAMS 0x000000008e900000, 0x000000008e900000| Complete 
| 234|0x000000008ea00000, 0x000000008eb00000, 0x000000008eb00000|100%| S|CS|TAMS 0x000000008ea00000, 0x000000008ea00000| Complete 
| 235|0x000000008eb00000, 0x000000008ec00000, 0x000000008ec00000|100%| S|CS|TAMS 0x000000008eb00000, 0x000000008eb00000| Complete 
| 236|0x000000008ec00000, 0x000000008ed00000, 0x000000008ed00000|100%| S|CS|TAMS 0x000000008ec00000, 0x000000008ec00000| Complete 
| 237|0x000000008ed00000, 0x000000008ee00000, 0x000000008ee00000|100%| S|CS|TAMS 0x000000008ed00000, 0x000000008ed00000| Complete 
| 238|0x000000008ee00000, 0x000000008ee00000, 0x000000008ef00000|  0%| F|  |TAMS 0x000000008ee00000, 0x000000008ee00000| Untracked 
| 239|0x000000008ef00000, 0x000000008ef00000, 0x000000008f000000|  0%| F|  |TAMS 0x000000008ef00000, 0x000000008ef00000| Untracked 
| 240|0x000000008f000000, 0x000000008f000000, 0x000000008f100000|  0%| F|  |TAMS 0x000000008f000000, 0x000000008f000000| Untracked 
| 241|0x000000008f100000, 0x000000008f100000, 0x000000008f200000|  0%| F|  |TAMS 0x000000008f100000, 0x000000008f100000| Untracked 
| 242|0x000000008f200000, 0x000000008f200000, 0x000000008f300000|  0%| F|  |TAMS 0x000000008f200000, 0x000000008f200000| Untracked 
| 243|0x000000008f300000, 0x000000008f300000, 0x000000008f400000|  0%| F|  |TAMS 0x000000008f300000, 0x000000008f300000| Untracked 
| 244|0x000000008f400000, 0x000000008f400000, 0x000000008f500000|  0%| F|  |TAMS 0x000000008f400000, 0x000000008f400000| Untracked 
| 245|0x000000008f500000, 0x000000008f500000, 0x000000008f600000|  0%| F|  |TAMS 0x000000008f500000, 0x000000008f500000| Untracked 
| 246|0x000000008f600000, 0x000000008f600000, 0x000000008f700000|  0%| F|  |TAMS 0x000000008f600000, 0x000000008f600000| Untracked 
| 247|0x000000008f700000, 0x000000008f700000, 0x000000008f800000|  0%| F|  |TAMS 0x000000008f700000, 0x000000008f700000| Untracked 
| 248|0x000000008f800000, 0x000000008f800000, 0x000000008f900000|  0%| F|  |TAMS 0x000000008f800000, 0x000000008f800000| Untracked 
| 249|0x000000008f900000, 0x000000008f900000, 0x000000008fa00000|  0%| F|  |TAMS 0x000000008f900000, 0x000000008f900000| Untracked 
| 250|0x000000008fa00000, 0x000000008fa00000, 0x000000008fb00000|  0%| F|  |TAMS 0x000000008fa00000, 0x000000008fa00000| Untracked 
| 251|0x000000008fb00000, 0x000000008fb00000, 0x000000008fc00000|  0%| F|  |TAMS 0x000000008fb00000, 0x000000008fb00000| Untracked 
| 252|0x000000008fc00000, 0x000000008fc00000, 0x000000008fd00000|  0%| F|  |TAMS 0x000000008fc00000, 0x000000008fc00000| Untracked 
| 253|0x000000008fd00000, 0x000000008fd00000, 0x000000008fe00000|  0%| F|  |TAMS 0x000000008fd00000, 0x000000008fd00000| Untracked 
| 254|0x000000008fe00000, 0x000000008fe00000, 0x000000008ff00000|  0%| F|  |TAMS 0x000000008fe00000, 0x000000008fe00000| Untracked 
| 255|0x000000008ff00000, 0x000000008ff00000, 0x0000000090000000|  0%| F|  |TAMS 0x000000008ff00000, 0x000000008ff00000| Untracked 
| 256|0x0000000090000000, 0x0000000090000000, 0x0000000090100000|  0%| F|  |TAMS 0x0000000090000000, 0x0000000090000000| Untracked 
| 257|0x0000000090100000, 0x0000000090100000, 0x0000000090200000|  0%| F|  |TAMS 0x0000000090100000, 0x0000000090100000| Untracked 
| 258|0x0000000090200000, 0x0000000090200000, 0x0000000090300000|  0%| F|  |TAMS 0x0000000090200000, 0x0000000090200000| Untracked 
| 259|0x0000000090300000, 0x0000000090300000, 0x0000000090400000|  0%| F|  |TAMS 0x0000000090300000, 0x0000000090300000| Untracked 
| 260|0x0000000090400000, 0x0000000090400000, 0x0000000090500000|  0%| F|  |TAMS 0x0000000090400000, 0x0000000090400000| Untracked 
| 261|0x0000000090500000, 0x0000000090500000, 0x0000000090600000|  0%| F|  |TAMS 0x0000000090500000, 0x0000000090500000| Untracked 
| 262|0x0000000090600000, 0x0000000090600000, 0x0000000090700000|  0%| F|  |TAMS 0x0000000090600000, 0x0000000090600000| Untracked 
| 263|0x0000000090700000, 0x0000000090700000, 0x0000000090800000|  0%| F|  |TAMS 0x0000000090700000, 0x0000000090700000| Untracked 
| 264|0x0000000090800000, 0x0000000090800000, 0x0000000090900000|  0%| F|  |TAMS 0x0000000090800000, 0x0000000090800000| Untracked 
| 265|0x0000000090900000, 0x0000000090900000, 0x0000000090a00000|  0%| F|  |TAMS 0x0000000090900000, 0x0000000090900000| Untracked 
| 266|0x0000000090a00000, 0x0000000090a00000, 0x0000000090b00000|  0%| F|  |TAMS 0x0000000090a00000, 0x0000000090a00000| Untracked 
| 267|0x0000000090b00000, 0x0000000090b00000, 0x0000000090c00000|  0%| F|  |TAMS 0x0000000090b00000, 0x0000000090b00000| Untracked 
| 268|0x0000000090c00000, 0x0000000090c00000, 0x0000000090d00000|  0%| F|  |TAMS 0x0000000090c00000, 0x0000000090c00000| Untracked 
| 269|0x0000000090d00000, 0x0000000090d00000, 0x0000000090e00000|  0%| F|  |TAMS 0x0000000090d00000, 0x0000000090d00000| Untracked 
| 270|0x0000000090e00000, 0x0000000090e00000, 0x0000000090f00000|  0%| F|  |TAMS 0x0000000090e00000, 0x0000000090e00000| Untracked 
| 271|0x0000000090f00000, 0x0000000090f00000, 0x0000000091000000|  0%| F|  |TAMS 0x0000000090f00000, 0x0000000090f00000| Untracked 
| 272|0x0000000091000000, 0x0000000091000000, 0x0000000091100000|  0%| F|  |TAMS 0x0000000091000000, 0x0000000091000000| Untracked 
| 273|0x0000000091100000, 0x0000000091100000, 0x0000000091200000|  0%| F|  |TAMS 0x0000000091100000, 0x0000000091100000| Untracked 

Card table byte_map: [0x000001e245fa0000,0x000001e2463a0000] _byte_map_base: 0x000001e245ba0000

Marking Bits (Prev, Next): (CMBitMap*) 0x000001e233626c50, (CMBitMap*) 0x000001e233626c90
 Prev Bits: [0x000001e2467a0000, 0x000001e2487a0000)
 Next Bits: [0x000001e2487a0000, 0x000001e24a7a0000)

Polling page: 0x000001e2315a0000

Metaspace:

Usage:
  Non-class:    108.78 MB used.
      Class:     16.82 MB used.
       Both:    125.60 MB used.

Virtual space:
  Non-class space:      112.00 MB reserved,     109.25 MB ( 98%) committed,  14 nodes.
      Class space:        1.00 GB reserved,      17.25 MB (  2%) committed,  1 nodes.
             Both:        1.11 GB reserved,     126.50 MB ( 11%) committed. 

Chunk freelists:
   Non-Class:  2.80 MB
       Class:  2.78 MB
        Both:  5.57 MB

MaxMetaspaceSize: unlimited
CompressedClassSpaceSize: 1.00 GB
Initial GC threshold: 21.00 MB
Current GC threshold: 210.00 MB
CDS: off
MetaspaceReclaimPolicy: balanced
 - commit_granule_bytes: 65536.
 - commit_granule_words: 8192.
 - virtual_space_node_default_size: 1048576.
 - enlarge_chunks_in_place: 1.
 - new_chunks_are_fully_committed: 0.
 - uncommit_free_chunks: 1.
 - use_allocation_guard: 0.
 - handle_deallocations: 1.


Internal statistics:

num_allocs_failed_limit: 12.
num_arena_births: 1544.
num_arena_deaths: 48.
num_vsnodes_births: 15.
num_vsnodes_deaths: 0.
num_space_committed: 2022.
num_space_uncommitted: 0.
num_chunks_returned_to_freelist: 78.
num_chunks_taken_from_freelist: 6483.
num_chunk_merges: 22.
num_chunk_splits: 4279.
num_chunks_enlarged: 2818.
num_purges: 6.
num_inconsistent_stats: 0.

CodeHeap 'non-profiled nmethods': size=120000Kb used=9552Kb max_used=9552Kb free=110448Kb
 bounds [0x000001e23e560000, 0x000001e23eec0000, 0x000001e245a90000]
CodeHeap 'profiled nmethods': size=120000Kb used=33011Kb max_used=33011Kb free=86988Kb
 bounds [0x000001e236a90000, 0x000001e238ad0000, 0x000001e23dfc0000]
CodeHeap 'non-nmethods': size=5760Kb used=2436Kb max_used=2523Kb free=3323Kb
 bounds [0x000001e23dfc0000, 0x000001e23e250000, 0x000001e23e560000]
 total_blobs=18249 nmethods=17281 adapters=878
 compilation: enabled
              stopped_count=0, restarted_count=0
 full_count=0

Compilation events (20 events):
Event: 1709.459 Thread 0x000001e24d82bd80 19938       4       java.nio.file.attribute.FileTime::from (18 bytes)
Event: 1709.459 Thread 0x000001e24d82bd80 nmethod 19938 0x000001e23eeb2f10 code [0x000001e23eeb30a0, 0x000001e23eeb3178]
Event: 1709.459 Thread 0x000001e24d82bd80 19940   !   4       sun.nio.fs.WindowsFileAttributes::toFileTime (47 bytes)
Event: 1709.460 Thread 0x000001e24d82bd80 nmethod 19940 0x000001e23eeb3290 code [0x000001e23eeb3420, 0x000001e23eeb3588]
Event: 1709.461 Thread 0x000001e24d834350 19941       3       com.sun.tools.javac.parser.Scanner::ensureLookahead (39 bytes)
Event: 1709.461 Thread 0x000001e24d834350 nmethod 19941 0x000001e238ac2710 code [0x000001e238ac28e0, 0x000001e238ac2d08]
Event: 1709.461 Thread 0x000001e24d834350 19942       3       com.sun.tools.javac.util.ListBuffer::addAll (34 bytes)
Event: 1709.461 Thread 0x000001e24d82bd80 19943       4       java.lang.AbstractStringBuilder::setLength (66 bytes)
Event: 1709.461 Thread 0x000001e24d834350 nmethod 19942 0x000001e238ac2e90 code [0x000001e238ac3080, 0x000001e238ac34b8]
Event: 1709.462 Thread 0x000001e24d834350 19944       3       com.sun.tools.javac.parser.JavacParser::arguments (109 bytes)
Event: 1709.462 Thread 0x000001e24d834350 nmethod 19944 0x000001e238ac3610 code [0x000001e238ac3960, 0x000001e238ac4a08]
Event: 1709.462 Thread 0x000001e24d834350 19946       3       com.sun.tools.javac.parser.JavaTokenizer::scanIdent (639 bytes)
Event: 1709.464 Thread 0x000001e24d834350 nmethod 19946 0x000001e238ac5110 code [0x000001e238ac5600, 0x000001e238ac92a8]
Event: 1709.464 Thread 0x000001e24d834350 19948       3       com.sun.tools.javac.parser.JavacParser::annotationsOpt (93 bytes)
Event: 1709.464 Thread 0x000001e24d82bd80 nmethod 19943 0x000001e23eeb3710 code [0x000001e23eeb38a0, 0x000001e23eeb3db8]
Event: 1709.464 Thread 0x000001e24d82bd80 19945       4       java.util.ArrayList::fastRemove (44 bytes)
Event: 1709.464 Thread 0x000001e24d834350 nmethod 19948 0x000001e238aca010 code [0x000001e238aca260, 0x000001e238acab58]
Event: 1709.464 Thread 0x000001e24d834350 19949       3       com.sun.tools.javac.parser.JavacParser::arguments (100 bytes)
Event: 1709.465 Thread 0x000001e24d834350 nmethod 19949 0x000001e238acaf90 code [0x000001e238acb280, 0x000001e238acc4f8]
Event: 1709.465 Thread 0x000001e24d834350 19947       3       com.sun.tools.javac.tree.TreeInfo::isExpressionStatement (132 bytes)

GC Heap History (20 events):
Event: 366.861 GC heap after
{Heap after GC invocations=38 (full 0):
 garbage-first heap   total 269312K, used 118685K [0x0000000080000000, 0x0000000100000000)
  region size 1024K, 1 young (1024K), 1 survivors (1024K)
 Metaspace       used 125010K, committed 125760K, reserved 1163264K
  class space    used 17073K, committed 17408K, reserved 1048576K
}
Event: 367.400 GC heap before
{Heap before GC invocations=38 (full 0):
 garbage-first heap   total 269312K, used 183197K [0x0000000080000000, 0x0000000100000000)
  region size 1024K, 66 young (67584K), 1 survivors (1024K)
 Metaspace       used 125881K, committed 126656K, reserved 1163264K
  class space    used 17109K, committed 17472K, reserved 1048576K
}
Event: 367.407 GC heap after
{Heap after GC invocations=39 (full 0):
 garbage-first heap   total 269312K, used 125193K [0x0000000080000000, 0x0000000100000000)
  region size 1024K, 8 young (8192K), 8 survivors (8192K)
 Metaspace       used 125881K, committed 126656K, reserved 1163264K
  class space    used 17109K, committed 17472K, reserved 1048576K
}
Event: 1212.220 GC heap before
{Heap before GC invocations=40 (full 0):
 garbage-first heap   total 269312K, used 236809K [0x0000000080000000, 0x0000000100000000)
  region size 1024K, 95 young (97280K), 8 survivors (8192K)
 Metaspace       used 126499K, committed 127360K, reserved 1163264K
  class space    used 17122K, committed 17536K, reserved 1048576K
}
Event: 1212.230 GC heap after
{Heap after GC invocations=41 (full 0):
 garbage-first heap   total 269312K, used 136690K [0x0000000080000000, 0x0000000100000000)
  region size 1024K, 12 young (12288K), 12 survivors (12288K)
 Metaspace       used 126499K, committed 127360K, reserved 1163264K
  class space    used 17122K, committed 17536K, reserved 1048576K
}
Event: 1212.237 GC heap before
{Heap before GC invocations=41 (full 0):
 garbage-first heap   total 269312K, used 136690K [0x0000000080000000, 0x0000000100000000)
  region size 1024K, 13 young (13312K), 12 survivors (12288K)
 Metaspace       used 126499K, committed 127360K, reserved 1163264K
  class space    used 17122K, committed 17536K, reserved 1048576K
}
Event: 1212.243 GC heap after
{Heap after GC invocations=42 (full 0):
 garbage-first heap   total 269312K, used 135217K [0x0000000080000000, 0x0000000100000000)
  region size 1024K, 1 young (1024K), 1 survivors (1024K)
 Metaspace       used 126499K, committed 127360K, reserved 1163264K
  class space    used 17122K, committed 17536K, reserved 1048576K
}
Event: 1212.718 GC heap before
{Heap before GC invocations=42 (full 0):
 garbage-first heap   total 269312K, used 198705K [0x0000000080000000, 0x0000000100000000)
  region size 1024K, 65 young (66560K), 1 survivors (1024K)
 Metaspace       used 127326K, committed 128128K, reserved 1163264K
  class space    used 17168K, committed 17536K, reserved 1048576K
}
Event: 1212.725 GC heap after
{Heap after GC invocations=43 (full 0):
 garbage-first heap   total 269312K, used 140866K [0x0000000080000000, 0x0000000100000000)
  region size 1024K, 7 young (7168K), 7 survivors (7168K)
 Metaspace       used 127326K, committed 128128K, reserved 1163264K
  class space    used 17168K, committed 17536K, reserved 1048576K
}
Event: 1323.318 GC heap before
{Heap before GC invocations=44 (full 0):
 garbage-first heap   total 280576K, used 238146K [0x0000000080000000, 0x0000000100000000)
  region size 1024K, 78 young (79872K), 7 survivors (7168K)
 Metaspace       used 127846K, committed 128768K, reserved 1163264K
  class space    used 17208K, committed 17664K, reserved 1048576K
}
Event: 1323.327 GC heap after
{Heap after GC invocations=45 (full 0):
 garbage-first heap   total 280576K, used 153755K [0x0000000080000000, 0x0000000100000000)
  region size 1024K, 10 young (10240K), 10 survivors (10240K)
 Metaspace       used 127846K, committed 128768K, reserved 1163264K
  class space    used 17208K, committed 17664K, reserved 1048576K
}
Event: 1323.367 GC heap before
{Heap before GC invocations=45 (full 0):
 garbage-first heap   total 280576K, used 156827K [0x0000000080000000, 0x0000000100000000)
  region size 1024K, 13 young (13312K), 10 survivors (10240K)
 Metaspace       used 127846K, committed 128768K, reserved 1163264K
  class space    used 17208K, committed 17664K, reserved 1048576K
}
Event: 1323.376 GC heap after
{Heap after GC invocations=46 (full 0):
 garbage-first heap   total 280576K, used 135604K [0x0000000080000000, 0x0000000100000000)
  region size 1024K, 2 young (2048K), 2 survivors (2048K)
 Metaspace       used 127846K, committed 128768K, reserved 1163264K
  class space    used 17208K, committed 17664K, reserved 1048576K
}
Event: 1323.762 GC heap before
{Heap before GC invocations=46 (full 0):
 garbage-first heap   total 280576K, used 181684K [0x0000000080000000, 0x0000000100000000)
  region size 1024K, 49 young (50176K), 2 survivors (2048K)
 Metaspace       used 128076K, committed 129024K, reserved 1163264K
  class space    used 17214K, committed 17664K, reserved 1048576K
}
Event: 1323.767 GC heap after
{Heap after GC invocations=47 (full 0):
 garbage-first heap   total 280576K, used 140454K [0x0000000080000000, 0x0000000100000000)
  region size 1024K, 7 young (7168K), 7 survivors (7168K)
 Metaspace       used 128076K, committed 129024K, reserved 1163264K
  class space    used 17214K, committed 17664K, reserved 1048576K
}
Event: 1709.105 GC heap before
{Heap before GC invocations=48 (full 0):
 garbage-first heap   total 280576K, used 243878K [0x0000000080000000, 0x0000000100000000)
  region size 1024K, 86 young (88064K), 7 survivors (7168K)
 Metaspace       used 128399K, committed 129280K, reserved 1163264K
  class space    used 17217K, committed 17664K, reserved 1048576K
}
Event: 1709.111 GC heap after
{Heap after GC invocations=49 (full 0):
 garbage-first heap   total 280576K, used 142463K [0x0000000080000000, 0x0000000100000000)
  region size 1024K, 3 young (3072K), 3 survivors (3072K)
 Metaspace       used 128399K, committed 129280K, reserved 1163264K
  class space    used 17217K, committed 17664K, reserved 1048576K
}
Event: 1709.145 GC heap before
{Heap before GC invocations=49 (full 0):
 garbage-first heap   total 280576K, used 151679K [0x0000000080000000, 0x0000000100000000)
  region size 1024K, 13 young (13312K), 3 survivors (3072K)
 Metaspace       used 128402K, committed 129344K, reserved 1163264K
  class space    used 17217K, committed 17664K, reserved 1048576K
}
Event: 1709.158 GC heap after
{Heap after GC invocations=50 (full 0):
 garbage-first heap   total 280576K, used 122319K [0x0000000080000000, 0x0000000100000000)
  region size 1024K, 1 young (1024K), 1 survivors (1024K)
 Metaspace       used 128402K, committed 129344K, reserved 1163264K
  class space    used 17217K, committed 17664K, reserved 1048576K
}
Event: 1709.465 GC heap before
{Heap before GC invocations=50 (full 0):
 garbage-first heap   total 280576K, used 156111K [0x0000000080000000, 0x0000000100000000)
  region size 1024K, 36 young (36864K), 1 survivors (1024K)
 Metaspace       used 128617K, committed 129536K, reserved 1163264K
  class space    used 17227K, committed 17664K, reserved 1048576K
}

Dll operation events (2 events):
Event: 0.005 Loaded shared library C:\Program Files\Android\Android Studio\jbr\bin\java.dll
Event: 0.260 Loaded shared library C:\Program Files\Android\Android Studio\jbr\bin\verify.dll

Deoptimization events (20 events):
Event: 1709.068 Thread 0x000001e250c5dd00 Uncommon trap: trap_request=0xffffffd6 fr.pc=0x000001e23ee424e0 relative=0x00000000000003c0
Event: 1709.068 Thread 0x000001e250c5dd00 Uncommon trap: reason=array_check action=maybe_recompile pc=0x000001e23ee424e0 method=java.util.LinkedHashMap.keysToArray([Ljava/lang/Object;)[Ljava/lang/Object; @ 25 c2
Event: 1709.069 Thread 0x000001e250c5dd00 DEOPT PACKING pc=0x000001e23ee424e0 sp=0x00000072d64f8160
Event: 1709.069 Thread 0x000001e250c5dd00 DEOPT UNPACKING pc=0x000001e23e0169a3 sp=0x00000072d64f8108 mode 2
Event: 1709.073 Thread 0x000001e250c5dd00 Uncommon trap: trap_request=0xffffffde fr.pc=0x000001e23e5abb70 relative=0x00000000000007b0
Event: 1709.073 Thread 0x000001e250c5dd00 Uncommon trap: reason=class_check action=maybe_recompile pc=0x000001e23e5abb70 method=org.gradle.cache.internal.LockOnDemandCrossProcessCacheAccess.incrementLockCount()V @ 97 c2
Event: 1709.073 Thread 0x000001e250c5dd00 DEOPT PACKING pc=0x000001e23e5abb70 sp=0x00000072d64f72a0
Event: 1709.073 Thread 0x000001e250c5dd00 DEOPT UNPACKING pc=0x000001e23e0169a3 sp=0x00000072d64f7260 mode 2
Event: 1709.258 Thread 0x000001e25690bb80 Uncommon trap: trap_request=0xffffffd6 fr.pc=0x000001e23ee424e0 relative=0x00000000000003c0
Event: 1709.258 Thread 0x000001e25690bb80 Uncommon trap: reason=array_check action=maybe_recompile pc=0x000001e23ee424e0 method=java.util.LinkedHashMap.keysToArray([Ljava/lang/Object;)[Ljava/lang/Object; @ 25 c2
Event: 1709.258 Thread 0x000001e25690bb80 DEOPT PACKING pc=0x000001e23ee424e0 sp=0x00000072dcafa430
Event: 1709.258 Thread 0x000001e25690bb80 DEOPT UNPACKING pc=0x000001e23e0169a3 sp=0x00000072dcafa3d8 mode 2
Event: 1709.266 Thread 0x000001e25690bb80 Uncommon trap: trap_request=0xffffffd6 fr.pc=0x000001e23ee424e0 relative=0x00000000000003c0
Event: 1709.266 Thread 0x000001e25690bb80 Uncommon trap: reason=array_check action=maybe_recompile pc=0x000001e23ee424e0 method=java.util.LinkedHashMap.keysToArray([Ljava/lang/Object;)[Ljava/lang/Object; @ 25 c2
Event: 1709.266 Thread 0x000001e25690bb80 DEOPT PACKING pc=0x000001e23ee424e0 sp=0x00000072dcafa540
Event: 1709.266 Thread 0x000001e25690bb80 DEOPT UNPACKING pc=0x000001e23e0169a3 sp=0x00000072dcafa4e8 mode 2
Event: 1709.266 Thread 0x000001e25690bb80 Uncommon trap: trap_request=0xffffffd6 fr.pc=0x000001e23ee424e0 relative=0x00000000000003c0
Event: 1709.266 Thread 0x000001e25690bb80 Uncommon trap: reason=array_check action=maybe_recompile pc=0x000001e23ee424e0 method=java.util.LinkedHashMap.keysToArray([Ljava/lang/Object;)[Ljava/lang/Object; @ 25 c2
Event: 1709.266 Thread 0x000001e25690bb80 DEOPT PACKING pc=0x000001e23ee424e0 sp=0x00000072dcafa540
Event: 1709.266 Thread 0x000001e25690bb80 DEOPT UNPACKING pc=0x000001e23e0169a3 sp=0x00000072dcafa4e8 mode 2

Classes unloaded (20 events):
Event: 9.606 Thread 0x000001e24cfd3870 Unloading class 0x0000000100bdc400 'java/lang/invoke/LambdaForm$DMH+0x0000000100bdc400'
Event: 367.476 Thread 0x000001e24cfd3870 Unloading class 0x0000000100f5c800 'java/lang/invoke/LambdaForm$DMH+0x0000000100f5c800'
Event: 367.476 Thread 0x000001e24cfd3870 Unloading class 0x0000000100f5c000 'java/lang/invoke/LambdaForm$DMH+0x0000000100f5c000'
Event: 367.476 Thread 0x000001e24cfd3870 Unloading class 0x0000000100f12c00 'java/lang/invoke/LambdaForm$DMH+0x0000000100f12c00'
Event: 367.476 Thread 0x000001e24cfd3870 Unloading class 0x0000000100f12400 'java/lang/invoke/LambdaForm$DMH+0x0000000100f12400'
Event: 367.476 Thread 0x000001e24cfd3870 Unloading class 0x0000000100f11c00 'java/lang/invoke/LambdaForm$MH+0x0000000100f11c00'
Event: 367.476 Thread 0x000001e24cfd3870 Unloading class 0x0000000100f11400 'java/lang/invoke/LambdaForm$DMH+0x0000000100f11400'
Event: 367.476 Thread 0x000001e24cfd3870 Unloading class 0x0000000100f10800 'java/lang/invoke/LambdaForm$DMH+0x0000000100f10800'
Event: 367.476 Thread 0x000001e24cfd3870 Unloading class 0x0000000100f10400 'java/lang/invoke/LambdaForm$DMH+0x0000000100f10400'
Event: 367.476 Thread 0x000001e24cfd3870 Unloading class 0x0000000100ee8800 'java/lang/invoke/LambdaForm$DMH+0x0000000100ee8800'
Event: 367.476 Thread 0x000001e24cfd3870 Unloading class 0x0000000100ee8400 'java/lang/invoke/LambdaForm$DMH+0x0000000100ee8400'
Event: 367.476 Thread 0x000001e24cfd3870 Unloading class 0x0000000100ec8800 'java/lang/invoke/LambdaForm$DMH+0x0000000100ec8800'
Event: 367.476 Thread 0x000001e24cfd3870 Unloading class 0x0000000100ec8400 'java/lang/invoke/LambdaForm$DMH+0x0000000100ec8400'
Event: 367.476 Thread 0x000001e24cfd3870 Unloading class 0x0000000100e14400 'java/lang/invoke/LambdaForm$DMH+0x0000000100e14400'
Event: 367.476 Thread 0x000001e24cfd3870 Unloading class 0x0000000100e14800 'java/lang/invoke/LambdaForm$DMH+0x0000000100e14800'
Event: 367.476 Thread 0x000001e24cfd3870 Unloading class 0x0000000100ddc800 'java/lang/invoke/LambdaForm$DMH+0x0000000100ddc800'
Event: 367.476 Thread 0x000001e24cfd3870 Unloading class 0x0000000100ddc400 'java/lang/invoke/LambdaForm$DMH+0x0000000100ddc400'
Event: 367.476 Thread 0x000001e24cfd3870 Unloading class 0x0000000100d59000 'jdk/internal/reflect/GeneratedSerializationConstructorAccessor80'
Event: 367.476 Thread 0x000001e24cfd3870 Unloading class 0x0000000100d58800 'jdk/internal/reflect/GeneratedSerializationConstructorAccessor79'
Event: 1323.838 Thread 0x000001e24cfd3870 Unloading class 0x000000010111a000 'java/lang/invoke/LambdaForm$DMH+0x000000010111a000'

Classes redefined (0 events):
No events

Internal exceptions (20 events):
Event: 1709.164 Thread 0x000001e250c5dd00 Exception <a 'sun/nio/fs/WindowsException'{0x0000000091186cc8}> (0x0000000091186cc8) 
thrown [s\src\hotspot\share\prims\jni.cpp, line 517]
Event: 1709.192 Thread 0x000001e250c5dd00 Exception <a 'java/lang/NoClassDefFoundError'{0x0000000090ee3aa0}: org/jetbrains/kotlin/gradle/plugin/KotlinBasePluginWrapper> (0x0000000090ee3aa0) 
thrown [s\src\hotspot\share\oops\constantPool.cpp, line 835]
Event: 1709.213 Thread 0x000001e250c5dd00 Exception <a 'sun/nio/fs/WindowsException'{0x0000000090a57b80}> (0x0000000090a57b80) 
thrown [s\src\hotspot\share\prims\jni.cpp, line 517]
Event: 1709.217 Thread 0x000001e250c5dd00 Exception <a 'sun/nio/fs/WindowsException'{0x0000000090af5018}> (0x0000000090af5018) 
thrown [s\src\hotspot\share\prims\jni.cpp, line 517]
Event: 1709.217 Thread 0x000001e250c5dd00 Exception <a 'sun/nio/fs/WindowsException'{0x0000000090af63f0}> (0x0000000090af63f0) 
thrown [s\src\hotspot\share\prims\jni.cpp, line 517]
Event: 1709.217 Thread 0x000001e250c5dd00 Exception <a 'sun/nio/fs/WindowsException'{0x0000000090af7818}> (0x0000000090af7818) 
thrown [s\src\hotspot\share\prims\jni.cpp, line 517]
Event: 1709.217 Thread 0x000001e250c5dd00 Exception <a 'sun/nio/fs/WindowsException'{0x0000000090af8c40}> (0x0000000090af8c40) 
thrown [s\src\hotspot\share\prims\jni.cpp, line 517]
Event: 1709.240 Thread 0x000001e250c5dd00 Exception <a 'sun/nio/fs/WindowsException'{0x0000000090532028}> (0x0000000090532028) 
thrown [s\src\hotspot\share\prims\jni.cpp, line 517]
Event: 1709.251 Thread 0x000001e25690bb80 Exception <a 'sun/nio/fs/WindowsException'{0x0000000090469b50}> (0x0000000090469b50) 
thrown [s\src\hotspot\share\prims\jni.cpp, line 517]
Event: 1709.420 Thread 0x000001e25138d590 Exception <a 'sun/nio/fs/WindowsException'{0x000000008f252de0}> (0x000000008f252de0) 
thrown [s\src\hotspot\share\prims\jni.cpp, line 517]
Event: 1709.420 Thread 0x000001e25138d590 Exception <a 'sun/nio/fs/WindowsException'{0x000000008f258938}> (0x000000008f258938) 
thrown [s\src\hotspot\share\prims\jni.cpp, line 517]
Event: 1709.422 Thread 0x000001e25138d590 Exception <a 'sun/nio/fs/WindowsException'{0x000000008f26b9e8}> (0x000000008f26b9e8) 
thrown [s\src\hotspot\share\prims\jni.cpp, line 517]
Event: 1709.422 Thread 0x000001e25138d590 Exception <a 'sun/nio/fs/WindowsException'{0x000000008f26c830}> (0x000000008f26c830) 
thrown [s\src\hotspot\share\prims\jni.cpp, line 517]
Event: 1709.423 Thread 0x000001e25138d590 Exception <a 'sun/nio/fs/WindowsException'{0x000000008f26f760}> (0x000000008f26f760) 
thrown [s\src\hotspot\share\prims\jni.cpp, line 517]
Event: 1709.424 Thread 0x000001e25138d590 Exception <a 'sun/nio/fs/WindowsException'{0x000000008f270588}> (0x000000008f270588) 
thrown [s\src\hotspot\share\prims\jni.cpp, line 517]
Event: 1709.424 Thread 0x000001e25138d590 Exception <a 'sun/nio/fs/WindowsException'{0x000000008f271380}> (0x000000008f271380) 
thrown [s\src\hotspot\share\prims\jni.cpp, line 517]
Event: 1709.425 Thread 0x000001e25138d590 Exception <a 'sun/nio/fs/WindowsException'{0x000000008f272198}> (0x000000008f272198) 
thrown [s\src\hotspot\share\prims\jni.cpp, line 517]
Event: 1709.425 Thread 0x000001e25138d590 Exception <a 'sun/nio/fs/WindowsException'{0x000000008f272fc8}> (0x000000008f272fc8) 
thrown [s\src\hotspot\share\prims\jni.cpp, line 517]
Event: 1709.464 Thread 0x000001e25138d590 Exception <a 'sun/nio/fs/WindowsException'{0x000000008ee26fe8}> (0x000000008ee26fe8) 
thrown [s\src\hotspot\share\prims\jni.cpp, line 517]
Event: 1709.464 Thread 0x000001e25138d590 Exception <a 'sun/nio/fs/WindowsException'{0x000000008ee27278}> (0x000000008ee27278) 
thrown [s\src\hotspot\share\prims\jni.cpp, line 517]

VM Operations (20 events):
Event: 1325.894 Executing VM operation: Cleanup done
Event: 1331.946 Executing VM operation: Cleanup
Event: 1331.946 Executing VM operation: Cleanup done
Event: 1389.003 Executing VM operation: HandshakeAllThreads
Event: 1389.003 Executing VM operation: HandshakeAllThreads done
Event: 1389.003 Executing VM operation: Cleanup
Event: 1389.003 Executing VM operation: Cleanup done
Event: 1389.136 Executing VM operation: ICBufferFull
Event: 1389.136 Executing VM operation: ICBufferFull done
Event: 1390.140 Executing VM operation: Cleanup
Event: 1390.140 Executing VM operation: Cleanup done
Event: 1611.817 Executing VM operation: Cleanup
Event: 1611.817 Executing VM operation: Cleanup done
Event: 1631.964 Executing VM operation: Cleanup
Event: 1631.965 Executing VM operation: Cleanup done
Event: 1709.104 Executing VM operation: G1CollectForAllocation
Event: 1709.111 Executing VM operation: G1CollectForAllocation done
Event: 1709.145 Executing VM operation: G1CollectForAllocation
Event: 1709.158 Executing VM operation: G1CollectForAllocation done
Event: 1709.465 Executing VM operation: G1TryInitiateConcMark

Events (20 events):
Event: 1709.118 Thread 0x000001e250e6f620 Thread added: 0x000001e250e6f620
Event: 1709.118 Thread 0x000001e250e6f150 Thread added: 0x000001e250e6f150
Event: 1709.118 Thread 0x000001e250e6faf0 Thread added: 0x000001e250e6faf0
Event: 1709.118 Thread 0x000001e250e6d470 Thread added: 0x000001e250e6d470
Event: 1709.140 Thread 0x000001e24f207680 Thread added: 0x000001e24f207680
Event: 1709.243 Thread 0x000001e24f206ce0 Thread added: 0x000001e24f206ce0
Event: 1709.244 Thread 0x000001e24f209360 Thread added: 0x000001e24f209360
Event: 1709.246 Thread 0x000001e25690bb80 Thread added: 0x000001e25690bb80
Event: 1709.246 Thread 0x000001e25138a570 Thread added: 0x000001e25138a570
Event: 1709.246 Thread 0x000001e251387080 Thread added: 0x000001e251387080
Event: 1709.246 Thread 0x000001e251388890 Thread added: 0x000001e251388890
Event: 1709.246 Thread 0x000001e25138cbf0 Thread added: 0x000001e25138cbf0
Event: 1709.246 Thread 0x000001e25138d590 Thread added: 0x000001e25138d590
Event: 1709.247 Thread 0x000001e25690ad10 Thread added: 0x000001e25690ad10
Event: 1709.411 Thread 0x000001e24f2071b0 Thread added: 0x000001e24f2071b0
Event: 1709.412 Thread 0x000001e24f207b50 Thread added: 0x000001e24f207b50
Event: 1709.412 Thread 0x000001e24f208020 Thread added: 0x000001e24f208020
Event: 1709.412 Thread 0x000001e24f2084f0 Thread added: 0x000001e24f2084f0
Event: 1709.412 Thread 0x000001e24f2089c0 Thread added: 0x000001e24f2089c0
Event: 1709.412 Thread 0x000001e24f209d00 Thread added: 0x000001e24f209d00


Dynamic libraries:
0x00007ff63fbb0000 - 0x00007ff63fbba000 	C:\Program Files\Android\Android Studio\jbr\bin\java.exe
0x00007ff98fc90000 - 0x00007ff98fea4000 	C:\WINDOWS\SYSTEM32\ntdll.dll
0x00007ff98f640000 - 0x00007ff98f704000 	C:\WINDOWS\System32\KERNEL32.DLL
0x00007ff98d670000 - 0x00007ff98da14000 	C:\WINDOWS\System32\KERNELBASE.dll
0x00007ff98d220000 - 0x00007ff98d331000 	C:\WINDOWS\System32\ucrtbase.dll
0x00007ff952c70000 - 0x00007ff952c87000 	C:\Program Files\Android\Android Studio\jbr\bin\jli.dll
0x00007ff97aef0000 - 0x00007ff97af0b000 	C:\Program Files\Android\Android Studio\jbr\bin\VCRUNTIME140.dll
0x00007ff98faa0000 - 0x00007ff98fc4e000 	C:\WINDOWS\System32\USER32.dll
0x00007ff98d640000 - 0x00007ff98d666000 	C:\WINDOWS\System32\win32u.dll
0x00007ff96ccf0000 - 0x00007ff96cf83000 	C:\WINDOWS\WinSxS\amd64_microsoft.windows.common-controls_6595b64144ccf1df_6.0.22621.2215_none_270d72677387dfc3\COMCTL32.dll
0x00007ff98e6e0000 - 0x00007ff98e709000 	C:\WINDOWS\System32\GDI32.dll
0x00007ff98f500000 - 0x00007ff98f5a7000 	C:\WINDOWS\System32\msvcrt.dll
0x00007ff98d040000 - 0x00007ff98d158000 	C:\WINDOWS\System32\gdi32full.dll
0x00007ff98d530000 - 0x00007ff98d5ca000 	C:\WINDOWS\System32\msvcp_win.dll
0x00007ff98df90000 - 0x00007ff98dfc1000 	C:\WINDOWS\System32\IMM32.DLL
0x00007ff97a450000 - 0x00007ff97a45c000 	C:\Program Files\Android\Android Studio\jbr\bin\vcruntime140_1.dll
0x00007ff968960000 - 0x00007ff9689ed000 	C:\Program Files\Android\Android Studio\jbr\bin\msvcp140.dll
0x00007ff921290000 - 0x00007ff921efe000 	C:\Program Files\Android\Android Studio\jbr\bin\server\jvm.dll
0x00007ff98dfd0000 - 0x00007ff98e080000 	C:\WINDOWS\System32\ADVAPI32.dll
0x00007ff98f3d0000 - 0x00007ff98f476000 	C:\WINDOWS\System32\sechost.dll
0x00007ff98e5c0000 - 0x00007ff98e6d7000 	C:\WINDOWS\System32\RPCRT4.dll
0x00007ff98a370000 - 0x00007ff98a379000 	C:\WINDOWS\SYSTEM32\WSOCK32.dll
0x00007ff982d60000 - 0x00007ff982d94000 	C:\WINDOWS\SYSTEM32\WINMM.dll
0x00007ff986f10000 - 0x00007ff986f1a000 	C:\WINDOWS\SYSTEM32\VERSION.dll
0x00007ff98f330000 - 0x00007ff98f3a1000 	C:\WINDOWS\System32\WS2_32.dll
0x00007ff98c0a0000 - 0x00007ff98c0b8000 	C:\WINDOWS\SYSTEM32\kernel.appcore.dll
0x00007ff9812a0000 - 0x00007ff9812aa000 	C:\Program Files\Android\Android Studio\jbr\bin\jimage.dll
0x00007ff977960000 - 0x00007ff977b8e000 	C:\WINDOWS\SYSTEM32\DBGHELP.DLL
0x00007ff98f710000 - 0x00007ff98fa9a000 	C:\WINDOWS\System32\combase.dll
0x00007ff98e4e0000 - 0x00007ff98e5b7000 	C:\WINDOWS\System32\OLEAUT32.dll
0x00007ff976260000 - 0x00007ff976292000 	C:\WINDOWS\SYSTEM32\dbgcore.DLL
0x00007ff98d340000 - 0x00007ff98d3ba000 	C:\WINDOWS\System32\bcryptPrimitives.dll
0x00007ff96fce0000 - 0x00007ff96fd05000 	C:\Program Files\Android\Android Studio\jbr\bin\java.dll
0x00007ff97b060000 - 0x00007ff97b078000 	C:\Program Files\Android\Android Studio\jbr\bin\zip.dll
0x00007ff98e820000 - 0x00007ff98f043000 	C:\WINDOWS\System32\SHELL32.dll
0x00007ff98afd0000 - 0x00007ff98b8ba000 	C:\WINDOWS\SYSTEM32\windows.storage.dll
0x00007ff98ae90000 - 0x00007ff98afce000 	C:\WINDOWS\SYSTEM32\wintypes.dll
0x00007ff98e240000 - 0x00007ff98e333000 	C:\WINDOWS\System32\SHCORE.dll
0x00007ff98f5b0000 - 0x00007ff98f60e000 	C:\WINDOWS\System32\shlwapi.dll
0x00007ff98cf70000 - 0x00007ff98cf96000 	C:\WINDOWS\SYSTEM32\profapi.dll
0x00007ff97adc0000 - 0x00007ff97add9000 	C:\Program Files\Android\Android Studio\jbr\bin\net.dll
0x00007ff987620000 - 0x00007ff987757000 	C:\WINDOWS\SYSTEM32\WINHTTP.dll
0x00007ff98c600000 - 0x00007ff98c669000 	C:\WINDOWS\system32\mswsock.dll
0x00007ff96fcc0000 - 0x00007ff96fcd6000 	C:\Program Files\Android\Android Studio\jbr\bin\nio.dll
0x00007ff96fc20000 - 0x00007ff96fc30000 	C:\Program Files\Android\Android Studio\jbr\bin\verify.dll
0x00007ff97aeb0000 - 0x00007ff97aed7000 	C:\Users\USER CORE I5 NOVENA\.gradle\native\68d5fa5c4cc2d200863cafc0d521ce42e7d3e7ee720ec0a83991735586a16f82\windows-amd64\native-platform.dll
0x00007ff93e160000 - 0x00007ff93e2a4000 	C:\Users\USER CORE I5 NOVENA\.gradle\native\e376f236ea51e6404a007f0833ffe2c6e607c4080706a723a18a27aeea778392\windows-amd64\native-platform-file-events.dll
0x00007ff96fbd0000 - 0x00007ff96fbd9000 	C:\Program Files\Android\Android Studio\jbr\bin\management.dll
0x00007ff96fbc0000 - 0x00007ff96fbcb000 	C:\Program Files\Android\Android Studio\jbr\bin\management_ext.dll
0x00007ff98f480000 - 0x00007ff98f488000 	C:\WINDOWS\System32\PSAPI.DLL
0x00007ff98c850000 - 0x00007ff98c86b000 	C:\WINDOWS\SYSTEM32\CRYPTSP.dll
0x00007ff98c060000 - 0x00007ff98c095000 	C:\WINDOWS\system32\rsaenh.dll
0x00007ff98c6f0000 - 0x00007ff98c71c000 	C:\WINDOWS\SYSTEM32\USERENV.dll
0x00007ff98c9f0000 - 0x00007ff98ca18000 	C:\WINDOWS\SYSTEM32\bcrypt.dll
0x00007ff98c870000 - 0x00007ff98c87c000 	C:\WINDOWS\SYSTEM32\CRYPTBASE.dll
0x00007ff98bb20000 - 0x00007ff98bb4d000 	C:\WINDOWS\SYSTEM32\IPHLPAPI.DLL
0x00007ff98f050000 - 0x00007ff98f059000 	C:\WINDOWS\System32\NSI.dll
0x00007ff9877c0000 - 0x00007ff9877d9000 	C:\WINDOWS\SYSTEM32\dhcpcsvc6.DLL
0x00007ff987600000 - 0x00007ff98761f000 	C:\WINDOWS\SYSTEM32\dhcpcsvc.DLL
0x00007ff98bb90000 - 0x00007ff98bc82000 	C:\WINDOWS\SYSTEM32\DNSAPI.dll
0x00007ff96f810000 - 0x00007ff96f818000 	C:\WINDOWS\system32\wshunix.dll

dbghelp: loaded successfully - version: 4.0.5 - missing functions: none
symbol engine: initialized successfully - sym options: 0x614 - pdb path: .;C:\Program Files\Android\Android Studio\jbr\bin;C:\WINDOWS\SYSTEM32;C:\WINDOWS\WinSxS\amd64_microsoft.windows.common-controls_6595b64144ccf1df_6.0.22621.2215_none_270d72677387dfc3;C:\Program Files\Android\Android Studio\jbr\bin\server;C:\Users\USER CORE I5 NOVENA\.gradle\native\68d5fa5c4cc2d200863cafc0d521ce42e7d3e7ee720ec0a83991735586a16f82\windows-amd64;C:\Users\USER CORE I5 NOVENA\.gradle\native\e376f236ea51e6404a007f0833ffe2c6e607c4080706a723a18a27aeea778392\windows-amd64

VM Arguments:
jvm_args: --add-opens=java.base/java.util=ALL-UNNAMED --add-opens=java.base/java.lang=ALL-UNNAMED --add-opens=java.base/java.lang.invoke=ALL-UNNAMED --add-opens=java.prefs/java.util.prefs=ALL-UNNAMED --add-opens=java.base/java.nio.charset=ALL-UNNAMED --add-opens=java.base/java.net=ALL-UNNAMED --add-opens=java.base/java.util.concurrent.atomic=ALL-UNNAMED -Xmx2048m -Dfile.encoding=UTF-8 -Duser.country=ES -Duser.language=es -Duser.variant 
java_command: org.gradle.launcher.daemon.bootstrap.GradleDaemon 8.0
java_class_path (initial): C:\Users\USER CORE I5 NOVENA\.gradle\wrapper\dists\gradle-8.0-bin\ca5e32bp14vu59qr306oxotwh\gradle-8.0\lib\gradle-launcher-8.0.jar
Launcher Type: SUN_STANDARD

[Global flags]
     intx CICompilerCount                          = 3                                         {product} {ergonomic}
     uint ConcGCThreads                            = 2                                         {product} {ergonomic}
     uint G1ConcRefinementThreads                  = 6                                         {product} {ergonomic}
   size_t G1HeapRegionSize                         = 1048576                                   {product} {ergonomic}
    uintx GCDrainStackTargetSize                   = 64                                        {product} {ergonomic}
   size_t InitialHeapSize                          = 134217728                                 {product} {ergonomic}
   size_t MarkStackSize                            = 4194304                                   {product} {ergonomic}
   size_t MaxHeapSize                              = 2147483648                                {product} {command line}
   size_t MaxNewSize                               = 1287651328                                {product} {ergonomic}
   size_t MinHeapDeltaBytes                        = 1048576                                   {product} {ergonomic}
   size_t MinHeapSize                              = 8388608                                   {product} {ergonomic}
    uintx NonNMethodCodeHeapSize                   = 5832780                                {pd product} {ergonomic}
    uintx NonProfiledCodeHeapSize                  = 122912730                              {pd product} {ergonomic}
    uintx ProfiledCodeHeapSize                     = 122912730                              {pd product} {ergonomic}
    uintx ReservedCodeCacheSize                    = 251658240                              {pd product} {ergonomic}
     bool SegmentedCodeCache                       = true                                      {product} {ergonomic}
   size_t SoftMaxHeapSize                          = 2147483648                             {manageable} {ergonomic}
     bool UseCompressedClassPointers               = true                           {product lp64_product} {ergonomic}
     bool UseCompressedOops                        = true                           {product lp64_product} {ergonomic}
     bool UseG1GC                                  = true                                      {product} {ergonomic}
     bool UseLargePagesIndividualAllocation        = false                                  {pd product} {ergonomic}

Logging:
Log output configuration:
 #0: stdout all=warning uptime,level,tags
 #1: stderr all=off uptime,level,tags

Environment Variables:
PATH=C:\Program Files\Common Files\Oracle\Java\javapath;C:\Program Files (x86)\Common Files\Oracle\Java\javapath;C:\WINDOWS\system32;C:\WINDOWS;C:\WINDOWS\System32\Wbem;C:\WINDOWS\System32\WindowsPowerShell\v1.0\;C:\WINDOWS\System32\OpenSSH\;C:\Program Files\Azure Data Studio\bin;C:\Program Files\Microsoft SQL Server\Client SDK\ODBC\170\Tools\Binn\;C:\Program Files (x86)\Microsoft SQL Server\150\Tools\Binn\;C:\Program Files\Microsoft SQL Server\150\Tools\Binn\;C:\Program Files\Microsoft SQL Server\150\DTS\Binn\;C:\WINDOWS\system32;C:\WINDOWS;C:\WINDOWS\System32\Wbem;C:\WINDOWS\System32\WindowsPowerShell\v1.0\;C:\WINDOWS\System32\OpenSSH\;C:\Program Files\Git\cmd;C:\xampp\php;C:\ProgramData\ComposerSetup\bin;C:\Program Files\dotnet\;C:\Program Files (x86)\Microsoft SQL Server\160\Tools\Binn\;C:\Program Files\Microsoft SQL Server\160\Tools\Binn\;C:\Program Files\Microsoft SQL Server\160\DTS\Binn\;C:\Program Files (x86)\Microsoft SQL Server\160\DTS\Binn\;C:\Users\USER CORE I5 NOVENA\AppData\Local\Microsoft\WindowsApps;C:\Users\USER CORE I5 NOVENA\AppData\Local\Programs\Microsoft VS Code\bin;C:\Program Files\Azure Data Studio\bin;C:\Users\USER CORE I5 NOVENA\AppData\Roaming\Composer\vendor\bin;C:\Users\USER CORE I5 NOVENA\.dotnet\tools;C:\Users\USER CORE I5 NOVENA\AppData\Local\GitHubDesktop\bin
USERNAME=USER CORE I5 NOVENA
OS=Windows_NT
PROCESSOR_IDENTIFIER=Intel64 Family 6 Model 158 Stepping 13, GenuineIntel
TMP=C:\Users\USERCO~1\AppData\Local\Temp
TEMP=C:\Users\USERCO~1\AppData\Local\Temp


JNI global refs:
JNI global refs: 26, weak refs: 0

JNI global refs memory usage: 843, weak refs: 841


---------------  S Y S T E M  ---------------

OS:
 Windows 11 , 64 bit Build 22621 (10.0.22621.2215)
OS uptime: 0 days 0:58 hours

CPU: total 6 (initial active 6) (6 cores per cpu, 1 threads per core) family 6 model 158 stepping 13 microcode 0xde, cx8, cmov, fxsr, mmx, 3dnowpref, sse, sse2, sse3, ssse3, sse4.1, sse4.2, popcnt, lzcnt, tsc, tscinvbit, avx, avx2, aes, erms, clmul, bmi1, bmi2, adx, fma, vzeroupper, clflush, clflushopt

Memory: 4k page, system-wide physical 8127M (1292M free)
TotalPageFile size 10175M (AvailPageFile size 457M)
current process WorkingSet (physical memory assigned to process): 565M, peak: 602M
current process commit charge ("private bytes"): 624M, peak: 1172M

vm_info: OpenJDK 64-Bit Server VM (17.0.6+0-b2043.56-10027231) for windows-amd64 JRE (17.0.6+0-b2043.56-10027231), built on Apr 28 2023 00:43:19 by "androidbuild" with MS VC++ 16.10 / 16.11 (VS2019)

END.
